2025-11-12 01:37:54,699 - ERROR - END_BYTE не найден! Пытаемся распарсить неполный пакет. Размер буфера: 28
2025-11-12 01:37:54,700 - ERROR - Первые 50 байт: aa01000016440000124400000000640000000000000000000080c115
2025-11-12 01:37:54,700 - ERROR - ОШИБКА ПАКЕТА
2025-11-12 01:37:54,747 - ERROR - Пропущено 5 байт мусора до START_BYTE. HEX: 0000009c55
2025-11-12 01:37:54,748 - ERROR - END_BYTE не найден! Пытаемся распарсить неполный пакет. Размер буфера: 29
2025-11-12 01:37:54,749 - ERROR - Первые 50 байт: aa010000164400c00f44000000006400000000000000000000c8c11800
2025-11-12 01:37:54,749 - ERROR - ОШИБКА ПАКЕТА
2025-11-12 01:37:54,796 - ERROR - Пропущено 4 байт мусора до START_BYTE. HEX: 0000bc55
2025-11-12 01:37:55,372 - ERROR - END_BYTE не найден! Пытаемся распарсить неполный пакет. Размер буфера: 22
2025-11-12 01:37:55,373 - ERROR - Первые 50 байт: aa01000016440000e543000000006400000000000101
2025-11-12 01:37:55,374 - ERROR - ОШИБКА ПАКЕТА
2025-11-12 01:37:55,422 - ERROR - Пропущено 31 байт мусора до START_BYTE. HEX: 660252441c6d87c40300000147954a440040bac40000000ec33f0000006055
2025-11-12 01:37:55,423 - ERROR - END_BYTE не найден! Пытаемся распарсить неполный пакет. Размер буфера: 45
2025-11-12 01:37:55,423 - ERROR - Первые 50 байт: aa01000016440080e0430000000064000000000001013fbb5144b5d786c40300000147954a440040bac4000000
2025-11-12 01:37:55,424 - ERROR - ОШИБКА ПАКЕТА
2025-11-12 01:37:55,471 - ERROR - Пропущено 8 байт мусора до START_BYTE. HEX: 17c342000000b055
2025-11-12 01:37:55,899 - ERROR - END_BYTE не найден! Пытаемся распарсить неполный пакет. Размер буфера: 14
2025-11-12 01:37:55,900 - ERROR - Первые 50 байт: aa01000016440080b34300000000
2025-11-12 01:37:55,900 - ERROR - ОШИБКА ПАКЕТА
2025-11-12 01:37:55,949 - ERROR - Пропущено 39 байт мусора до START_BYTE. HEX: 640000000000010141404d44384a81c40300000147954a440040bac400000071c3600000006455
2025-11-12 01:37:55,949 - ERROR - END_BYTE не найден! Пытаемся распарсить неполный пакет. Размер буфера: 38
2025-11-12 01:37:55,949 - ERROR - Первые 50 байт: aa01000016440000af43000000006400000000000101f7af4c44a2c280c40300000147954a44
2025-11-12 01:37:55,950 - ERROR - ОШИБКА ПАКЕТА
2025-11-12 01:37:55,999 - ERROR - Пропущено 15 байт мусора до START_BYTE. HEX: 0040bac40000007ac3630000005955
2025-11-12 01:37:56,148 - ERROR - ОШИБКА ПАКЕТА
2025-11-12 01:37:56,199 - ERROR - Пропущено 29 байт мусора до START_BYTE. HEX: 4a4497567dc40300000147954a440040bac40000008fc36f0000006655
2025-11-12 01:37:56,285 - ERROR - END_BYTE не найден! Пытаемся распарсить неполный пакет. Размер буфера: 28
2025-11-12 01:37:56,285 - ERROR - Первые 50 байт: aa010000164400808f43000000006400000000000101f37948444541
2025-11-12 01:37:56,285 - ERROR - ОШИБКА ПАКЕТА
2025-11-12 01:37:56,335 - ERROR - Пропущено 25 байт мусора до START_BYTE. HEX: 7ac40300000147954a440040bac40000809cc3780000002b55
2025-11-12 01:42:42,903 - ERROR - Пропущено 13 байт мусора до START_BYTE. HEX: 0000000000e0c012000000f155
2025-11-12 01:42:42,952 - ERROR - Пропущено 1 байт мусора до START_BYTE. HEX: 55
2025-11-12 01:43:09,195 - ERROR - Пропущено 1 байт мусора до START_BYTE. HEX: 55
2025-11-12 01:43:09,724 - ERROR - Пропущено 13 байт мусора до START_BYTE. HEX: 0200000000f8c2390000004955
2025-11-12 01:43:09,774 - ERROR - Пропущено 13 байт мусора до START_BYTE. HEX: 020000000005c33c0000006855
2025-11-12 01:43:13,039 - ERROR - Пропущено 32 байт мусора до START_BYTE. HEX: 0000640000000000010018dba943290575c401020000000056c357000000c855
2025-11-12 01:43:13,353 - ERROR - Пропущено 15 байт мусора до START_BYTE. HEX: c4010200000080c0c3900000001855
2025-11-12 01:43:13,421 - ERROR - Пропущено 1 байт мусора до START_BYTE. HEX: 55
2025-11-12 01:43:15,278 - ERROR - Пропущено 30 байт мусора до START_BYTE. HEX: 0000640000000000000001583f03440000cac40000008cc2270000008255
2025-11-12 01:43:16,100 - ERROR - Пропущено 18 байт мусора до START_BYTE. HEX: aceb430080eec4000000e6c2360000004855
2025-11-12 01:43:16,435 - ERROR - Пропущено 15 байт мусора до START_BYTE. HEX: 0080eec400000032c34b000000e855
2025-11-12 01:43:16,818 - ERROR - Пропущено 22 байт мусора до START_BYTE. HEX: 000001f6aceb430080eec40000007ac3630000005855
2025-11-12 01:43:17,253 - ERROR - Пропущено 18 байт мусора до START_BYTE. HEX: aceb430080eec4000080a5c37e0000005155
2025-11-12 01:43:25,098 - ERROR - END_BYTE не найден! Пытаемся распарсить неполный пакет. Размер буфера: 29
2025-11-12 01:43:25,099 - ERROR - Первые 50 байт: aa01000016440080164400000000640000000000000000000000400f00
2025-11-12 01:43:25,100 - ERROR - ОШИБКА ПАКЕТА
2025-11-12 01:43:25,149 - ERROR - Пропущено 4 байт мусора до START_BYTE. HEX: 0000ed55
2025-11-12 01:43:25,531 - ERROR - END_BYTE не найден! Пытаемся распарсить неполный пакет. Размер буфера: 17
2025-11-12 01:43:25,532 - ERROR - Первые 50 байт: aa01000016440040024400000000640000
2025-11-12 01:43:25,532 - ERROR - ОШИБКА ПАКЕТА
2025-11-12 01:43:25,579 - ERROR - Пропущено 36 байт мусора до START_BYTE. HEX: 00000001000dee6144ff9d6dc401020001d6a04c440040f3c40000009ec22a0000007355
2025-11-12 01:43:25,579 - ERROR - END_BYTE не найден! Пытаемся распарсить неполный пакет. Размер буфера: 29
2025-11-12 01:43:25,580 - ERROR - Первые 50 байт: aa0100001644000000440000000064000000000001000981614413066c
2025-11-12 01:43:25,580 - ERROR - ОШИБКА ПАКЕТА
2025-11-12 01:43:25,627 - ERROR - Пропущено 24 байт мусора до START_BYTE. HEX: c401020001d6a04c440040f3c4000000b0c22d0000003955
2025-11-12 01:43:25,627 - ERROR - END_BYTE не найден! Пытаемся распарсить неполный пакет. Размер буфера: 29
2025-11-12 01:43:25,628 - ERROR - Первые 50 байт: aa01000016440080fb430000000064000000000001009ffa6044c9756a
2025-11-12 01:43:25,628 - ERROR - ОШИБКА ПАКЕТА
2025-11-12 01:43:25,677 - ERROR - Пропущено 24 байт мусора до START_BYTE. HEX: c401020001d6a04c440040f3c4000000c2c2300000007455
2025-11-12 01:43:26,057 - ERROR - END_BYTE не найден! Пытаемся распарсить неполный пакет. Размер буфера: 10
2025-11-12 01:43:26,058 - ERROR - Первые 50 байт: aa01000016440000d343
2025-11-12 01:43:26,058 - ERROR - ОШИБКА ПАКЕТА
2025-11-12 01:43:26,106 - ERROR - Пропущено 43 байт мусора до START_BYTE. HEX: 000000006400000000000100e47d5a44d2215dc401020001d6a04c440040f3c400000032c34b0000001e55
2025-11-12 01:43:26,106 - ERROR - END_BYTE не найден! Пытаемся распарсить неполный пакет. Размер буфера: 10
2025-11-12 01:43:26,107 - ERROR - Первые 50 байт: aa01000016440080ce43
2025-11-12 01:43:26,108 - ERROR - ОШИБКА ПАКЕТА
2025-11-12 01:43:26,156 - ERROR - Пропущено 43 байт мусора до START_BYTE. HEX: 0000000064000000000001003ca45944f4b75bc401020001d6a04c440040f3c40000003bc34e0000002355
2025-11-12 01:43:26,157 - ERROR - END_BYTE не найден! Пытаемся распарсить неполный пакет. Размер буфера: 45
2025-11-12 01:43:26,157 - ERROR - Первые 50 байт: aa01000016440000ca4300000000640000000000010092cd58444e4c5ac401020001d6a04c440040f3c4000000
2025-11-12 01:43:26,158 - ERROR - ОШИБКА ПАКЕТА
2025-11-12 01:43:26,206 - ERROR - Пропущено 8 байт мусора до START_BYTE. HEX: 44c3510000002755
2025-11-12 01:48:51,011 - ERROR - CRC не совпадает
2025-11-12 01:48:51,014 - ERROR - Ошибочный пакет
2025-11-12 01:48:53,152 - ERROR - CRC не совпадает
2025-11-12 01:48:53,154 - ERROR - Ошибочный пакет
2025-11-12 01:48:53,784 - ERROR - CRC не совпадает
2025-11-12 01:48:53,784 - ERROR - Ошибочный пакет
2025-11-12 01:48:54,066 - ERROR - CRC не совпадает
2025-11-12 01:48:54,066 - ERROR - Ошибочный пакет
2025-11-12 01:48:54,218 - ERROR - CRC не совпадает
2025-11-12 01:48:54,219 - ERROR - Ошибочный пакет
2025-11-12 01:48:54,254 - ERROR - CRC не совпадает
2025-11-12 01:48:54,255 - ERROR - Ошибочный пакет
2025-11-12 01:48:54,879 - ERROR - CRC не совпадает
2025-11-12 01:48:54,879 - ERROR - Ошибочный пакет
2025-11-12 01:48:57,087 - ERROR - CRC не совпадает
2025-11-12 01:48:57,093 - ERROR - Ошибочный пакет
2025-11-12 01:48:57,427 - ERROR - CRC не совпадает
2025-11-12 01:48:57,427 - ERROR - Ошибочный пакет
2025-11-12 01:48:58,150 - ERROR - CRC не совпадает
2025-11-12 01:48:58,151 - ERROR - Ошибочный пакет
2025-11-12 01:48:58,677 - ERROR - CRC не совпадает
2025-11-12 01:48:58,677 - ERROR - Ошибочный пакет
2025-11-12 01:48:58,727 - ERROR - CRC не совпадает
2025-11-12 01:48:58,728 - ERROR - Ошибочный пакет
2025-11-12 01:48:58,957 - ERROR - CRC не совпадает
2025-11-12 01:48:58,957 - ERROR - Ошибочный пакет
2025-11-12 01:48:59,009 - ERROR - CRC не совпадает
2025-11-12 01:48:59,009 - ERROR - Ошибочный пакет
2025-11-12 01:48:59,155 - ERROR - CRC не совпадает
2025-11-12 01:48:59,155 - ERROR - Ошибочный пакет
2025-11-12 01:48:59,253 - ERROR - CRC не совпадает
2025-11-12 01:48:59,254 - ERROR - Ошибочный пакет
2025-11-12 01:48:59,635 - ERROR - CRC не совпадает
2025-11-12 01:48:59,636 - ERROR - Ошибочный пакет
2025-11-12 01:49:00,346 - ERROR - CRC не совпадает
2025-11-12 01:49:00,346 - ERROR - Ошибочный пакет
2025-11-12 01:49:00,364 - ERROR - CRC не совпадает
2025-11-12 01:49:00,364 - ERROR - Неверный тип пакета
2025-11-12 01:49:00,365 - ERROR - PARSING ERROR
Traceback (most recent call last):
  File "D:\BSUIR\Semester7\POVS\Labs\Lab3\LABA_3_stm\Core\Python\uart_protocol.py", line 389, in receive_game_state
    whirlpool_count = packet_data[offset]
                      ~~~~~~~~~~~^^^^^^^^
IndexError: index out of range
2025-11-12 01:49:00,394 - ERROR - CRC не совпадает
2025-11-12 01:49:00,395 - ERROR - Ошибочный пакет
2025-11-12 01:49:00,461 - ERROR - CRC не совпадает
2025-11-12 01:49:00,461 - ERROR - Ошибочный пакет
2025-11-12 01:49:00,510 - ERROR - CRC не совпадает
2025-11-12 01:49:00,511 - ERROR - Ошибочный пакет
2025-11-12 01:49:00,891 - ERROR - CRC не совпадает
2025-11-12 01:49:00,891 - ERROR - Ошибочный пакет
2025-11-12 01:49:01,079 - ERROR - CRC не совпадает
2025-11-12 01:49:01,080 - ERROR - Ошибочный пакет
2025-11-12 01:49:01,263 - ERROR - CRC не совпадает
2025-11-12 01:49:01,263 - ERROR - Ошибочный пакет
2025-11-12 01:49:01,744 - ERROR - CRC не совпадает
2025-11-12 01:49:01,745 - ERROR - Ошибочный пакет
2025-11-12 01:49:01,762 - ERROR - CRC не совпадает
2025-11-12 01:49:01,763 - ERROR - Неверный тип пакета
2025-11-12 01:49:01,763 - ERROR - PARSING ERROR
Traceback (most recent call last):
  File "D:\BSUIR\Semester7\POVS\Labs\Lab3\LABA_3_stm\Core\Python\uart_protocol.py", line 378, in receive_game_state
    proj_count = packet_data[offset]
                 ~~~~~~~~~~~^^^^^^^^
IndexError: index out of range
2025-11-12 01:49:01,995 - ERROR - CRC не совпадает
2025-11-12 01:49:01,996 - ERROR - Ошибочный пакет
2025-11-12 01:49:02,176 - ERROR - CRC не совпадает
2025-11-12 01:49:02,177 - ERROR - Ошибочный пакет
2025-11-12 01:49:02,894 - ERROR - CRC не совпадает
2025-11-12 01:49:02,895 - ERROR - Ошибочный пакет
2025-11-12 01:49:03,571 - ERROR - CRC не совпадает
2025-11-12 01:49:03,572 - ERROR - Ошибочный пакет
2025-11-12 01:49:03,673 - ERROR - CRC не совпадает
2025-11-12 01:49:03,674 - ERROR - Ошибочный пакет
2025-11-12 01:49:03,724 - ERROR - CRC не совпадает
2025-11-12 01:49:03,724 - ERROR - Ошибочный пакет
2025-11-12 01:49:05,300 - ERROR - CRC не совпадает
2025-11-12 01:49:05,301 - ERROR - Ошибочный пакет
2025-11-12 01:49:05,450 - ERROR - CRC не совпадает
2025-11-12 01:49:05,450 - ERROR - Ошибочный пакет
2025-11-12 01:49:05,774 - ERROR - CRC не совпадает
2025-11-12 01:49:05,775 - ERROR - Ошибочный пакет
2025-11-12 01:49:06,984 - ERROR - CRC не совпадает
2025-11-12 01:49:06,985 - ERROR - Ошибочный пакет
2025-11-12 01:49:07,005 - ERROR - CRC не совпадает
2025-11-12 01:49:07,005 - ERROR - Неверный тип пакета
2025-11-12 01:49:07,006 - ERROR - Ошибочный пакет
2025-11-12 22:14:38,293 - ERROR - CRC не совпадает
2025-11-12 22:14:38,294 - ERROR - Ошибочный пакет
2025-11-12 22:14:38,904 - ERROR - CRC не совпадает
2025-11-12 22:14:38,904 - ERROR - Ошибочный пакет
2025-11-12 22:14:39,529 - ERROR - CRC не совпадает
2025-11-12 22:14:39,529 - ERROR - Ошибочный пакет
2025-11-12 22:14:39,581 - ERROR - CRC не совпадает
2025-11-12 22:14:39,581 - ERROR - Ошибочный пакет
2025-11-12 22:14:39,959 - ERROR - CRC не совпадает
2025-11-12 22:14:39,960 - ERROR - Ошибочный пакет
2025-11-12 22:14:40,027 - ERROR - CRC не совпадает
2025-11-12 22:14:40,028 - ERROR - Ошибочный пакет
2025-11-12 22:14:40,075 - ERROR - CRC не совпадает
2025-11-12 22:14:40,076 - ERROR - Ошибочный пакет
2025-11-12 22:14:40,742 - ERROR - CRC не совпадает
2025-11-12 22:14:40,742 - ERROR - Ошибочный пакет
2025-11-12 22:14:40,776 - ERROR - CRC не совпадает
2025-11-12 22:14:40,777 - ERROR - Ошибочный пакет
2025-11-12 22:14:40,827 - ERROR - CRC не совпадает
2025-11-12 22:14:40,827 - ERROR - Ошибочный пакет
2025-11-12 22:14:41,689 - ERROR - CRC не совпадает
2025-11-12 22:14:41,690 - ERROR - Ошибочный пакет
2025-11-12 22:14:41,787 - ERROR - CRC не совпадает
2025-11-12 22:14:41,788 - ERROR - Ошибочный пакет
2025-11-12 22:14:42,706 - ERROR - CRC не совпадает
2025-11-12 22:14:42,706 - ERROR - Ошибочный пакет
2025-11-12 22:14:42,839 - ERROR - CRC не совпадает
2025-11-12 22:14:42,840 - ERROR - Ошибочный пакет
