2025-11-12 01:37:54,422 - INFO - Успешный пакет #1. Player: x=600.0, y=647.0, Score: 0
2025-11-12 01:37:54,436 - INFO - Успешный пакет #2. Player: x=600.0, y=638.0, Score: 0
2025-11-12 01:37:54,468 - INFO - Успешный пакет #3. Player: x=600.0, y=629.0, Score: 0
2025-11-12 01:37:54,517 - INFO - Успешный пакет #4. Player: x=600.0, y=620.0, Score: 0
2025-11-12 01:37:54,565 - INFO - Успешный пакет #5. Player: x=600.0, y=611.0, Score: 0
2025-11-12 01:37:54,616 - INFO - Успешный пакет #6. Player: x=600.0, y=602.0, Score: 0
2025-11-12 01:37:54,665 - INFO - Успешный пакет #7. Player: x=600.0, y=593.0, Score: 0
2025-11-12 01:37:54,699 - ERROR - END_BYTE не найден! Пытаемся распарсить неполный пакет. Размер буфера: 28
2025-11-12 01:37:54,700 - ERROR - Первые 50 байт: aa01000016440000124400000000640000000000000000000080c115
2025-11-12 01:37:54,700 - ERROR - ОШИБКА ПАКЕТА
2025-11-12 01:37:54,747 - ERROR - Пропущено 5 байт мусора до START_BYTE. HEX: 0000009c55
2025-11-12 01:37:54,748 - ERROR - END_BYTE не найден! Пытаемся распарсить неполный пакет. Размер буфера: 29
2025-11-12 01:37:54,749 - ERROR - Первые 50 байт: aa010000164400c00f44000000006400000000000000000000c8c11800
2025-11-12 01:37:54,749 - ERROR - ОШИБКА ПАКЕТА
2025-11-12 01:37:54,796 - ERROR - Пропущено 4 байт мусора до START_BYTE. HEX: 0000bc55
2025-11-12 01:37:54,797 - INFO - Успешный пакет #8. Player: x=600.0, y=566.0, Score: 0
2025-11-12 01:37:54,844 - INFO - Успешный пакет #9. Player: x=600.0, y=557.0, Score: 0
2025-11-12 01:37:54,910 - INFO - Успешный пакет #10. Player: x=600.0, y=548.0, Score: 0
2025-11-12 01:37:54,944 - INFO - Успешный пакет #11. Player: x=600.0, y=539.0, Score: 0
2025-11-12 01:37:54,992 - INFO - Успешный пакет #12. Player: x=600.0, y=530.0, Score: 0
2025-11-12 01:37:55,043 - INFO - Успешный пакет #13. Player: x=600.0, y=521.0, Score: 0
2025-11-12 01:37:55,092 - INFO - Успешный пакет #14. Player: x=600.0, y=512.0, Score: 0
2025-11-12 01:37:55,141 - INFO - Успешный пакет #15. Player: x=600.0, y=503.0, Score: 0
2025-11-12 01:37:55,193 - INFO - Успешный пакет #16. Player: x=600.0, y=494.0, Score: 0
2025-11-12 01:37:55,240 - INFO - Успешный пакет #17. Player: x=600.0, y=485.0, Score: 0
2025-11-12 01:37:55,289 - INFO - Успешный пакет #18. Player: x=600.0, y=476.0, Score: 0
2025-11-12 01:37:55,339 - INFO - Успешный пакет #19. Player: x=600.0, y=467.0, Score: 0
2025-11-12 01:37:55,372 - ERROR - END_BYTE не найден! Пытаемся распарсить неполный пакет. Размер буфера: 22
2025-11-12 01:37:55,373 - ERROR - Первые 50 байт: aa01000016440000e543000000006400000000000101
2025-11-12 01:37:55,374 - ERROR - ОШИБКА ПАКЕТА
2025-11-12 01:37:55,422 - ERROR - Пропущено 31 байт мусора до START_BYTE. HEX: 660252441c6d87c40300000147954a440040bac40000000ec33f0000006055
2025-11-12 01:37:55,423 - ERROR - END_BYTE не найден! Пытаемся распарсить неполный пакет. Размер буфера: 45
2025-11-12 01:37:55,423 - ERROR - Первые 50 байт: aa01000016440080e0430000000064000000000001013fbb5144b5d786c40300000147954a440040bac4000000
2025-11-12 01:37:55,424 - ERROR - ОШИБКА ПАКЕТА
2025-11-12 01:37:55,471 - ERROR - Пропущено 8 байт мусора до START_BYTE. HEX: 17c342000000b055
2025-11-12 01:37:55,472 - INFO - Успешный пакет #20. Player: x=600.0, y=440.0, Score: 0
2025-11-12 01:37:55,519 - INFO - Успешный пакет #21. Player: x=600.0, y=431.0, Score: 0
2025-11-12 01:37:55,569 - INFO - Успешный пакет #22. Player: x=600.0, y=422.0, Score: 0
2025-11-12 01:37:55,620 - INFO - Успешный пакет #23. Player: x=600.0, y=413.0, Score: 0
2025-11-12 01:37:55,668 - INFO - Успешный пакет #24. Player: x=600.0, y=404.0, Score: 0
2025-11-12 01:37:55,717 - INFO - Успешный пакет #25. Player: x=600.0, y=395.0, Score: 0
2025-11-12 01:37:55,768 - INFO - Успешный пакет #26. Player: x=600.0, y=386.0, Score: 0
2025-11-12 01:37:55,817 - INFO - Успешный пакет #27. Player: x=600.0, y=377.0, Score: 0
2025-11-12 01:37:55,866 - INFO - Успешный пакет #28. Player: x=600.0, y=368.0, Score: 0
2025-11-12 01:37:55,899 - ERROR - END_BYTE не найден! Пытаемся распарсить неполный пакет. Размер буфера: 14
2025-11-12 01:37:55,900 - ERROR - Первые 50 байт: aa01000016440080b34300000000
2025-11-12 01:37:55,900 - ERROR - ОШИБКА ПАКЕТА
2025-11-12 01:37:55,949 - ERROR - Пропущено 39 байт мусора до START_BYTE. HEX: 640000000000010141404d44384a81c40300000147954a440040bac400000071c3600000006455
2025-11-12 01:37:55,949 - ERROR - END_BYTE не найден! Пытаемся распарсить неполный пакет. Размер буфера: 38
2025-11-12 01:37:55,949 - ERROR - Первые 50 байт: aa01000016440000af43000000006400000000000101f7af4c44a2c280c40300000147954a44
2025-11-12 01:37:55,950 - ERROR - ОШИБКА ПАКЕТА
2025-11-12 01:37:55,999 - ERROR - Пропущено 15 байт мусора до START_BYTE. HEX: 0040bac40000007ac3630000005955
2025-11-12 01:37:56,000 - INFO - Успешный пакет #29. Player: x=600.0, y=341.0, Score: 0
2025-11-12 01:37:56,049 - INFO - Успешный пакет #30. Player: x=600.0, y=332.0, Score: 0
2025-11-12 01:37:56,100 - INFO - Успешный пакет #31. Player: x=600.0, y=323.0, Score: 0
2025-11-12 01:37:56,148 - ERROR - ОШИБКА ПАКЕТА
2025-11-12 01:37:56,199 - ERROR - Пропущено 29 байт мусора до START_BYTE. HEX: 4a4497567dc40300000147954a440040bac40000008fc36f0000006655
2025-11-12 01:37:56,199 - INFO - Успешный пакет #32. Player: x=600.0, y=305.0, Score: 0
2025-11-12 01:37:56,250 - INFO - Успешный пакет #33. Player: x=600.0, y=296.0, Score: 0
2025-11-12 01:37:56,285 - ERROR - END_BYTE не найден! Пытаемся распарсить неполный пакет. Размер буфера: 28
2025-11-12 01:37:56,285 - ERROR - Первые 50 байт: aa010000164400808f43000000006400000000000101f37948444541
2025-11-12 01:37:56,285 - ERROR - ОШИБКА ПАКЕТА
2025-11-12 01:37:56,335 - ERROR - Пропущено 25 байт мусора до START_BYTE. HEX: 7ac40300000147954a440040bac40000809cc3780000002b55
2025-11-12 01:37:56,335 - INFO - Успешный пакет #34. Player: x=600.0, y=278.0, Score: 0
2025-11-12 01:37:56,384 - INFO - Успешный пакет #35. Player: x=600.0, y=269.0, Score: 0
2025-11-12 01:37:56,436 - INFO - Успешный пакет #36. Player: x=600.0, y=260.0, Score: 0
2025-11-12 01:37:56,484 - INFO - Успешный пакет #37. Player: x=600.0, y=251.0, Score: 0
2025-11-12 01:37:56,532 - INFO - Успешный пакет #38. Player: x=600.0, y=242.0, Score: 0
2025-11-12 01:37:56,580 - INFO - Успешный пакет #39. Player: x=600.0, y=233.0, Score: 0
2025-11-12 01:37:56,630 - INFO - Успешный пакет #40. Player: x=600.0, y=224.0, Score: 0
2025-11-12 01:42:37,850 - WARNING - Пакет слишком короткий для полного парсинга: 18 байт
2025-11-12 01:42:42,903 - ERROR - Пропущено 13 байт мусора до START_BYTE. HEX: 0000000000e0c012000000f155
2025-11-12 01:42:42,952 - ERROR - Пропущено 1 байт мусора до START_BYTE. HEX: 55
2025-11-12 01:42:43,285 - WARNING - Пакет слишком короткий для полного парсинга: 13 байт
2025-11-12 01:42:50,387 - WARNING - Пакет слишком короткий для полного парсинга: 19 байт
2025-11-12 01:43:09,195 - ERROR - Пропущено 1 байт мусора до START_BYTE. HEX: 55
2025-11-12 01:43:09,724 - ERROR - Пропущено 13 байт мусора до START_BYTE. HEX: 0200000000f8c2390000004955
2025-11-12 01:43:09,774 - ERROR - Пропущено 13 байт мусора до START_BYTE. HEX: 020000000005c33c0000006855
2025-11-12 01:43:10,154 - WARNING - Пакет слишком короткий для полного парсинга: 12 байт
2025-11-12 01:43:13,039 - ERROR - Пропущено 32 байт мусора до START_BYTE. HEX: 0000640000000000010018dba943290575c401020000000056c357000000c855
2025-11-12 01:43:13,353 - ERROR - Пропущено 15 байт мусора до START_BYTE. HEX: c4010200000080c0c3900000001855
2025-11-12 01:43:13,421 - ERROR - Пропущено 1 байт мусора до START_BYTE. HEX: 55
2025-11-12 01:43:14,369 - WARNING - Пакет слишком короткий для полного парсинга: 12 байт
2025-11-12 01:43:15,278 - ERROR - Пропущено 30 байт мусора до START_BYTE. HEX: 0000640000000000000001583f03440000cac40000008cc2270000008255
2025-11-12 01:43:16,100 - ERROR - Пропущено 18 байт мусора до START_BYTE. HEX: aceb430080eec4000000e6c2360000004855
2025-11-12 01:43:16,435 - ERROR - Пропущено 15 байт мусора до START_BYTE. HEX: 0080eec400000032c34b000000e855
2025-11-12 01:43:16,818 - ERROR - Пропущено 22 байт мусора до START_BYTE. HEX: 000001f6aceb430080eec40000007ac3630000005855
2025-11-12 01:43:17,253 - ERROR - Пропущено 18 байт мусора до START_BYTE. HEX: aceb430080eec4000080a5c37e0000005155
2025-11-12 01:43:17,535 - WARNING - Пакет слишком короткий для полного парсинга: 16 байт
2025-11-12 01:43:24,920 - INFO - Успешный пакет #1. Player: x=600.0, y=647.0, Score: 0
2025-11-12 01:43:24,933 - INFO - Успешный пакет #2. Player: x=600.0, y=638.0, Score: 0
2025-11-12 01:43:24,966 - INFO - Успешный пакет #3. Player: x=600.0, y=629.0, Score: 0
2025-11-12 01:43:25,016 - INFO - Успешный пакет #4. Player: x=600.0, y=620.0, Score: 0
2025-11-12 01:43:25,065 - INFO - Успешный пакет #5. Player: x=600.0, y=611.0, Score: 0
2025-11-12 01:43:25,098 - ERROR - END_BYTE не найден! Пытаемся распарсить неполный пакет. Размер буфера: 29
2025-11-12 01:43:25,099 - ERROR - Первые 50 байт: aa01000016440080164400000000640000000000000000000000400f00
2025-11-12 01:43:25,100 - ERROR - ОШИБКА ПАКЕТА
2025-11-12 01:43:25,149 - ERROR - Пропущено 4 байт мусора до START_BYTE. HEX: 0000ed55
2025-11-12 01:43:25,149 - INFO - Успешный пакет #6. Player: x=600.0, y=593.0, Score: 0
2025-11-12 01:43:25,199 - INFO - Успешный пакет #7. Player: x=600.0, y=584.0, Score: 0
2025-11-12 01:43:25,248 - INFO - Успешный пакет #8. Player: x=600.0, y=575.0, Score: 0
2025-11-12 01:43:25,297 - INFO - Успешный пакет #9. Player: x=600.0, y=566.0, Score: 0
2025-11-12 01:43:25,347 - INFO - Успешный пакет #10. Player: x=600.0, y=557.0, Score: 0
2025-11-12 01:43:25,398 - INFO - Успешный пакет #11. Player: x=600.0, y=548.0, Score: 0
2025-11-12 01:43:25,448 - INFO - Успешный пакет #12. Player: x=600.0, y=539.0, Score: 0
2025-11-12 01:43:25,498 - INFO - Успешный пакет #13. Player: x=600.0, y=530.0, Score: 0
2025-11-12 01:43:25,531 - ERROR - END_BYTE не найден! Пытаемся распарсить неполный пакет. Размер буфера: 17
2025-11-12 01:43:25,532 - ERROR - Первые 50 байт: aa01000016440040024400000000640000
2025-11-12 01:43:25,532 - ERROR - ОШИБКА ПАКЕТА
2025-11-12 01:43:25,579 - ERROR - Пропущено 36 байт мусора до START_BYTE. HEX: 00000001000dee6144ff9d6dc401020001d6a04c440040f3c40000009ec22a0000007355
2025-11-12 01:43:25,579 - ERROR - END_BYTE не найден! Пытаемся распарсить неполный пакет. Размер буфера: 29
2025-11-12 01:43:25,580 - ERROR - Первые 50 байт: aa0100001644000000440000000064000000000001000981614413066c
2025-11-12 01:43:25,580 - ERROR - ОШИБКА ПАКЕТА
2025-11-12 01:43:25,627 - ERROR - Пропущено 24 байт мусора до START_BYTE. HEX: c401020001d6a04c440040f3c4000000b0c22d0000003955
2025-11-12 01:43:25,627 - ERROR - END_BYTE не найден! Пытаемся распарсить неполный пакет. Размер буфера: 29
2025-11-12 01:43:25,628 - ERROR - Первые 50 байт: aa01000016440080fb430000000064000000000001009ffa6044c9756a
2025-11-12 01:43:25,628 - ERROR - ОШИБКА ПАКЕТА
2025-11-12 01:43:25,677 - ERROR - Пропущено 24 байт мусора до START_BYTE. HEX: c401020001d6a04c440040f3c4000000c2c2300000007455
2025-11-12 01:43:25,678 - INFO - Успешный пакет #14. Player: x=600.0, y=494.0, Score: 0
2025-11-12 01:43:25,726 - INFO - Успешный пакет #15. Player: x=600.0, y=485.0, Score: 0
2025-11-12 01:43:25,775 - INFO - Успешный пакет #16. Player: x=600.0, y=476.0, Score: 0
2025-11-12 01:43:25,824 - INFO - Успешный пакет #17. Player: x=600.0, y=467.0, Score: 0
2025-11-12 01:43:25,873 - INFO - Успешный пакет #18. Player: x=600.0, y=458.0, Score: 0
2025-11-12 01:43:25,923 - INFO - Успешный пакет #19. Player: x=600.0, y=449.0, Score: 0
2025-11-12 01:43:25,974 - INFO - Успешный пакет #20. Player: x=600.0, y=440.0, Score: 0
2025-11-12 01:43:26,025 - INFO - Успешный пакет #21. Player: x=600.0, y=431.0, Score: 0
2025-11-12 01:43:26,057 - ERROR - END_BYTE не найден! Пытаемся распарсить неполный пакет. Размер буфера: 10
2025-11-12 01:43:26,058 - ERROR - Первые 50 байт: aa01000016440000d343
2025-11-12 01:43:26,058 - ERROR - ОШИБКА ПАКЕТА
2025-11-12 01:43:26,106 - ERROR - Пропущено 43 байт мусора до START_BYTE. HEX: 000000006400000000000100e47d5a44d2215dc401020001d6a04c440040f3c400000032c34b0000001e55
2025-11-12 01:43:26,106 - ERROR - END_BYTE не найден! Пытаемся распарсить неполный пакет. Размер буфера: 10
2025-11-12 01:43:26,107 - ERROR - Первые 50 байт: aa01000016440080ce43
2025-11-12 01:43:26,108 - ERROR - ОШИБКА ПАКЕТА
2025-11-12 01:43:26,156 - ERROR - Пропущено 43 байт мусора до START_BYTE. HEX: 0000000064000000000001003ca45944f4b75bc401020001d6a04c440040f3c40000003bc34e0000002355
2025-11-12 01:43:26,157 - ERROR - END_BYTE не найден! Пытаемся распарсить неполный пакет. Размер буфера: 45
2025-11-12 01:43:26,157 - ERROR - Первые 50 байт: aa01000016440000ca4300000000640000000000010092cd58444e4c5ac401020001d6a04c440040f3c4000000
2025-11-12 01:43:26,158 - ERROR - ОШИБКА ПАКЕТА
2025-11-12 01:43:26,206 - ERROR - Пропущено 8 байт мусора до START_BYTE. HEX: 44c3510000002755
2025-11-12 01:43:26,207 - INFO - Успешный пакет #22. Player: x=600.0, y=395.0, Score: 0
2025-11-12 01:43:26,256 - INFO - Успешный пакет #23. Player: x=600.0, y=386.0, Score: 0
2025-11-12 01:48:46,094 - INFO - Успешный пакет
2025-11-12 01:48:50,163 - INFO - Успешный пакет
2025-11-12 01:48:50,178 - INFO - Успешный пакет
2025-11-12 01:48:50,195 - INFO - Успешный пакет
2025-11-12 01:48:50,210 - INFO - Успешный пакет
2025-11-12 01:48:50,227 - INFO - Успешный пакет
2025-11-12 01:48:50,244 - INFO - Успешный пакет
2025-11-12 01:48:50,260 - INFO - Успешный пакет
2025-11-12 01:48:50,276 - INFO - Успешный пакет
2025-11-12 01:48:50,292 - INFO - Успешный пакет
2025-11-12 01:48:50,310 - INFO - Успешный пакет
2025-11-12 01:48:50,326 - INFO - Успешный пакет
2025-11-12 01:48:50,343 - INFO - Успешный пакет
2025-11-12 01:48:50,359 - INFO - Успешный пакет
2025-11-12 01:48:50,375 - INFO - Успешный пакет
2025-11-12 01:48:50,392 - INFO - Успешный пакет
2025-11-12 01:48:50,408 - INFO - Успешный пакет
2025-11-12 01:48:50,425 - INFO - Успешный пакет
2025-11-12 01:48:50,441 - INFO - Успешный пакет
2025-11-12 01:48:50,458 - INFO - Успешный пакет
2025-11-12 01:48:50,474 - INFO - Успешный пакет
2025-11-12 01:48:50,491 - INFO - Успешный пакет
2025-11-12 01:48:50,508 - INFO - Успешный пакет
2025-11-12 01:48:50,525 - INFO - Успешный пакет
2025-11-12 01:48:50,542 - INFO - Успешный пакет
2025-11-12 01:48:50,560 - INFO - Успешный пакет
2025-11-12 01:48:50,575 - INFO - Успешный пакет
2025-11-12 01:48:50,592 - INFO - Успешный пакет
2025-11-12 01:48:50,608 - INFO - Успешный пакет
2025-11-12 01:48:50,624 - INFO - Успешный пакет
2025-11-12 01:48:50,640 - INFO - Успешный пакет
2025-11-12 01:48:50,658 - INFO - Успешный пакет
2025-11-12 01:48:50,674 - INFO - Успешный пакет
2025-11-12 01:48:50,690 - INFO - Успешный пакет
2025-11-12 01:48:50,706 - INFO - Успешный пакет
2025-11-12 01:48:50,723 - INFO - Успешный пакет
2025-11-12 01:48:50,741 - INFO - Успешный пакет
2025-11-12 01:48:50,762 - INFO - Успешный пакет
2025-11-12 01:48:50,776 - INFO - Успешный пакет
2025-11-12 01:48:50,792 - INFO - Успешный пакет
2025-11-12 01:48:50,810 - INFO - Успешный пакет
2025-11-12 01:48:50,827 - INFO - Успешный пакет
2025-11-12 01:48:50,845 - INFO - Успешный пакет
2025-11-12 01:48:50,863 - INFO - Успешный пакет
2025-11-12 01:48:50,879 - INFO - Успешный пакет
2025-11-12 01:48:50,897 - INFO - Успешный пакет
2025-11-12 01:48:50,913 - INFO - Успешный пакет
2025-11-12 01:48:50,929 - INFO - Успешный пакет
2025-11-12 01:48:50,946 - INFO - Успешный пакет
2025-11-12 01:48:50,962 - INFO - Успешный пакет
2025-11-12 01:48:50,978 - INFO - Успешный пакет
2025-11-12 01:48:50,996 - INFO - Успешный пакет
2025-11-12 01:48:51,011 - ERROR - CRC не совпадает
2025-11-12 01:48:51,014 - ERROR - Ошибочный пакет
2025-11-12 01:48:51,087 - WARNING -    Мусор: 0b4480ef79c401020002fb931b4400f01bc50047954a44006081c4000000cec399000000ea55
2025-11-12 01:48:51,087 - INFO - Успешный пакет
2025-11-12 01:48:51,094 - INFO - Успешный пакет
2025-11-12 01:48:51,111 - INFO - Успешный пакет
2025-11-12 01:48:51,127 - INFO - Успешный пакет
2025-11-12 01:48:51,144 - INFO - Успешный пакет
2025-11-12 01:48:51,160 - INFO - Успешный пакет
2025-11-12 01:48:51,177 - INFO - Успешный пакет
2025-11-12 01:48:51,194 - INFO - Успешный пакет
2025-11-12 01:48:51,210 - INFO - Успешный пакет
2025-11-12 01:48:51,227 - INFO - Успешный пакет
2025-11-12 01:48:51,244 - INFO - Успешный пакет
2025-11-12 01:48:51,260 - INFO - Успешный пакет
2025-11-12 01:48:51,278 - INFO - Успешный пакет
2025-11-12 01:48:51,294 - INFO - Успешный пакет
2025-11-12 01:48:51,309 - INFO - Успешный пакет
2025-11-12 01:48:51,325 - INFO - Успешный пакет
2025-11-12 01:48:51,341 - INFO - Успешный пакет
2025-11-12 01:48:51,358 - INFO - Успешный пакет
2025-11-12 01:48:51,375 - INFO - Успешный пакет
2025-11-12 01:48:51,391 - INFO - Успешный пакет
2025-11-12 01:48:51,408 - INFO - Успешный пакет
2025-11-12 01:48:51,424 - INFO - Успешный пакет
2025-11-12 01:48:51,440 - INFO - Успешный пакет
2025-11-12 01:48:51,457 - INFO - Успешный пакет
2025-11-12 01:48:51,473 - INFO - Успешный пакет
2025-11-12 01:48:51,490 - INFO - Успешный пакет
2025-11-12 01:48:51,507 - INFO - Успешный пакет
2025-11-12 01:48:51,524 - INFO - Успешный пакет
2025-11-12 01:48:51,541 - INFO - Успешный пакет
2025-11-12 01:48:51,558 - INFO - Успешный пакет
2025-11-12 01:48:51,575 - INFO - Успешный пакет
2025-11-12 01:48:51,591 - INFO - Успешный пакет
2025-11-12 01:48:51,607 - INFO - Успешный пакет
2025-11-12 01:48:51,623 - INFO - Успешный пакет
2025-11-12 01:48:51,640 - INFO - Успешный пакет
2025-11-12 01:48:51,657 - INFO - Успешный пакет
2025-11-12 01:48:51,673 - INFO - Успешный пакет
2025-11-12 01:48:51,690 - INFO - Успешный пакет
2025-11-12 01:48:51,707 - INFO - Успешный пакет
2025-11-12 01:48:51,725 - INFO - Успешный пакет
2025-11-12 01:48:51,741 - INFO - Успешный пакет
2025-11-12 01:48:51,759 - INFO - Успешный пакет
2025-11-12 01:48:51,775 - INFO - Успешный пакет
2025-11-12 01:48:51,792 - INFO - Успешный пакет
2025-11-12 01:48:51,808 - INFO - Успешный пакет
2025-11-12 01:48:51,825 - INFO - Успешный пакет
2025-11-12 01:48:51,841 - INFO - Успешный пакет
2025-11-12 01:48:51,858 - INFO - Успешный пакет
2025-11-12 01:48:51,874 - INFO - Успешный пакет
2025-11-12 01:48:51,891 - INFO - Успешный пакет
2025-11-12 01:48:51,908 - INFO - Успешный пакет
2025-11-12 01:48:51,925 - INFO - Успешный пакет
2025-11-12 01:48:51,940 - INFO - Успешный пакет
2025-11-12 01:48:51,957 - INFO - Успешный пакет
2025-11-12 01:48:51,973 - INFO - Успешный пакет
2025-11-12 01:48:51,989 - INFO - Успешный пакет
2025-11-12 01:48:52,006 - INFO - Успешный пакет
2025-11-12 01:48:52,023 - INFO - Успешный пакет
2025-11-12 01:48:52,040 - INFO - Успешный пакет
2025-11-12 01:48:52,056 - INFO - Успешный пакет
2025-11-12 01:48:52,072 - INFO - Успешный пакет
2025-11-12 01:48:52,089 - INFO - Успешный пакет
2025-11-12 01:48:52,107 - INFO - Успешный пакет
2025-11-12 01:48:52,124 - INFO - Успешный пакет
2025-11-12 01:48:52,140 - INFO - Успешный пакет
2025-11-12 01:48:52,156 - INFO - Успешный пакет
2025-11-12 01:48:52,174 - INFO - Успешный пакет
2025-11-12 01:48:52,189 - INFO - Успешный пакет
2025-11-12 01:48:52,206 - INFO - Успешный пакет
2025-11-12 01:48:52,223 - INFO - Успешный пакет
2025-11-12 01:48:52,240 - INFO - Успешный пакет
2025-11-12 01:48:52,256 - INFO - Успешный пакет
2025-11-12 01:48:52,274 - INFO - Успешный пакет
2025-11-12 01:48:52,289 - INFO - Успешный пакет
2025-11-12 01:48:52,306 - INFO - Успешный пакет
2025-11-12 01:48:52,340 - INFO - Успешный пакет
2025-11-12 01:48:52,389 - INFO - Успешный пакет
2025-11-12 01:48:52,439 - INFO - Успешный пакет
2025-11-12 01:48:52,472 - INFO - Успешный пакет
2025-11-12 01:48:52,522 - INFO - Успешный пакет
2025-11-12 01:48:52,574 - INFO - Успешный пакет
2025-11-12 01:48:52,623 - INFO - Успешный пакет
2025-11-12 01:48:52,671 - INFO - Успешный пакет
2025-11-12 01:48:52,720 - INFO - Успешный пакет
2025-11-12 01:48:52,769 - INFO - Успешный пакет
2025-11-12 01:48:52,820 - INFO - Успешный пакет
2025-11-12 01:48:52,869 - INFO - Успешный пакет
2025-11-12 01:48:52,916 - INFO - Успешный пакет
2025-11-12 01:48:52,967 - INFO - Успешный пакет
2025-11-12 01:48:53,000 - INFO - Успешный пакет
2025-11-12 01:48:53,053 - INFO - Успешный пакет
2025-11-12 01:48:53,102 - INFO - Успешный пакет
2025-11-12 01:48:53,152 - ERROR - CRC не совпадает
2025-11-12 01:48:53,154 - ERROR - Ошибочный пакет
2025-11-12 01:48:53,172 - WARNING -    Первые 20 байт: e32f44b1c582c401020000004004c4c000000045
2025-11-12 01:48:53,190 - WARNING -    Первые 20 байт: e32f44b1c582c401020000004004c4c000000045
2025-11-12 01:48:53,205 - WARNING -    Мусор: e32f44b1c582c401020000004004c4c00000004555
2025-11-12 01:48:53,205 - INFO - Успешный пакет
2025-11-12 01:48:53,252 - INFO - Успешный пакет
2025-11-12 01:48:53,301 - INFO - Успешный пакет
2025-11-12 01:48:53,349 - INFO - Успешный пакет
2025-11-12 01:48:53,399 - INFO - Успешный пакет
2025-11-12 01:48:53,433 - INFO - Успешный пакет
2025-11-12 01:48:53,485 - INFO - Успешный пакет
2025-11-12 01:48:53,535 - INFO - Успешный пакет
2025-11-12 01:48:53,585 - INFO - Успешный пакет
2025-11-12 01:48:53,636 - INFO - Успешный пакет
2025-11-12 01:48:53,686 - INFO - Успешный пакет
2025-11-12 01:48:53,736 - INFO - Успешный пакет
2025-11-12 01:48:53,784 - ERROR - CRC не совпадает
2025-11-12 01:48:53,784 - ERROR - Ошибочный пакет
2025-11-12 01:48:53,803 - WARNING -    Первые 20 байт: c9c401020052b611449fc5aec4010200a6a72d44
2025-11-12 01:48:53,819 - WARNING -    Мусор: c9c401020052b611449fc5aec4010200a6a72d44083670c401020000008021c4e70000001255
2025-11-12 01:48:53,834 - INFO - Успешный пакет
2025-11-12 01:48:53,882 - INFO - Успешный пакет
2025-11-12 01:48:53,916 - INFO - Успешный пакет
2025-11-12 01:48:53,967 - INFO - Успешный пакет
2025-11-12 01:48:54,016 - INFO - Успешный пакет
2025-11-12 01:48:54,066 - ERROR - CRC не совпадает
2025-11-12 01:48:54,066 - ERROR - Ошибочный пакет
2025-11-12 01:48:54,086 - WARNING -    Первые 20 байт: 4a446499c4c40102009d33144426fba9c4010200
2025-11-12 01:48:54,103 - WARNING -    Первые 20 байт: 4a446499c4c40102009d33144426fba9c4010200
2025-11-12 01:48:54,120 - WARNING -    Мусор: 4a446499c4c40102009d33144426fba9c40102000c9f2c44785d66c40102000000002fc4f90000001455
2025-11-12 01:48:54,120 - INFO - Успешный пакет
2025-11-12 01:48:54,168 - INFO - Успешный пакет
2025-11-12 01:48:54,218 - ERROR - CRC не совпадает
2025-11-12 01:48:54,219 - ERROR - Ошибочный пакет
2025-11-12 01:48:54,237 - WARNING -    Первые 20 байт: 55
2025-11-12 01:48:54,254 - WARNING -    Мусор: 55
2025-11-12 01:48:54,254 - ERROR - CRC не совпадает
2025-11-12 01:48:54,255 - ERROR - Ошибочный пакет
2025-11-12 01:48:54,271 - WARNING -    Первые 20 байт: 2c44ddc85fc401020000000038c4050100001055
2025-11-12 01:48:54,302 - INFO - Успешный пакет
2025-11-12 01:48:54,351 - INFO - Успешный пакет
2025-11-12 01:48:54,401 - INFO - Успешный пакет
2025-11-12 01:48:54,450 - INFO - Успешный пакет
2025-11-12 01:48:54,500 - INFO - Успешный пакет
2025-11-12 01:48:54,549 - INFO - Успешный пакет
2025-11-12 01:48:54,598 - INFO - Успешный пакет
2025-11-12 01:48:54,649 - INFO - Успешный пакет
2025-11-12 01:48:54,697 - INFO - Успешный пакет
2025-11-12 01:48:54,748 - INFO - Успешный пакет
2025-11-12 01:48:54,797 - INFO - Успешный пакет
2025-11-12 01:48:54,846 - INFO - Успешный пакет
2025-11-12 01:48:54,879 - ERROR - CRC не совпадает
2025-11-12 01:48:54,879 - ERROR - Ошибочный пакет
2025-11-12 01:48:54,902 - WARNING -    Первые 20 байт: c42c010000fa55
2025-11-12 01:48:54,915 - WARNING -    Первые 20 байт: c42c010000fa55
2025-11-12 01:48:54,932 - WARNING -    Мусор: c42c010000fa55
2025-11-12 01:48:54,933 - INFO - Успешный пакет
2025-11-12 01:48:54,978 - INFO - Успешный пакет
2025-11-12 01:48:55,029 - INFO - Успешный пакет
2025-11-12 01:48:55,078 - INFO - Успешный пакет
2025-11-12 01:48:55,128 - INFO - Успешный пакет
2025-11-12 01:48:55,179 - INFO - Успешный пакет
2025-11-12 01:48:55,227 - INFO - Успешный пакет
2025-11-12 01:48:55,277 - INFO - Успешный пакет
2025-11-12 01:48:55,311 - INFO - Успешный пакет
2025-11-12 01:48:55,360 - INFO - Успешный пакет
2025-11-12 01:48:55,409 - INFO - Успешный пакет
2025-11-12 01:48:55,456 - INFO - Успешный пакет
2025-11-12 01:48:55,507 - INFO - Успешный пакет
2025-11-12 01:48:55,558 - INFO - Успешный пакет
2025-11-12 01:48:55,609 - INFO - Успешный пакет
2025-11-12 01:48:55,658 - INFO - Успешный пакет
2025-11-12 01:48:55,706 - INFO - Успешный пакет
2025-11-12 01:48:55,757 - INFO - Успешный пакет
2025-11-12 01:48:55,805 - INFO - Успешный пакет
2025-11-12 01:48:55,856 - INFO - Успешный пакет
2025-11-12 01:48:55,889 - INFO - Успешный пакет
2025-11-12 01:48:55,938 - INFO - Успешный пакет
2025-11-12 01:48:55,989 - WARNING -    Данные: aa015355
2025-11-12 01:48:55,992 - WARNING -    Первые 20 байт: f3430000e6c3000034c264000000000004003cd8
2025-11-12 01:48:56,006 - WARNING -    Первые 20 байт: f3430000e6c3000034c264000000000004003cd8
2025-11-12 01:48:56,023 - WARNING -    Первые 20 байт: f3430000e6c3000034c264000000000004003cd8
2025-11-12 01:48:56,040 - WARNING -    Мусор: f3430000e6c3000034c264000000000004003cd84944c2b2cac401020064484a443defa3c4010200ef1a2744ec608ac401020086943f447a8b28c401020123443644a47425c40000008084c4710100000c55
2025-11-12 01:48:56,040 - INFO - Успешный пакет
2025-11-12 01:48:56,087 - INFO - Успешный пакет
2025-11-12 01:48:56,136 - INFO - Успешный пакет
2025-11-12 01:48:56,185 - INFO - Успешный пакет
2025-11-12 01:48:56,234 - INFO - Успешный пакет
2025-11-12 01:48:56,285 - INFO - Успешный пакет
2025-11-12 01:48:56,319 - INFO - Успешный пакет
2025-11-12 01:48:56,368 - INFO - Успешный пакет
2025-11-12 01:48:56,420 - INFO - Успешный пакет
2025-11-12 01:48:56,469 - INFO - Успешный пакет
2025-11-12 01:48:56,517 - INFO - Успешный пакет
2025-11-12 01:48:56,568 - INFO - Успешный пакет
2025-11-12 01:48:56,617 - INFO - Успешный пакет
2025-11-12 01:48:56,668 - INFO - Успешный пакет
2025-11-12 01:48:56,717 - INFO - Успешный пакет
2025-11-12 01:48:56,750 - INFO - Успешный пакет
2025-11-12 01:48:56,800 - INFO - Успешный пакет
2025-11-12 01:48:56,849 - INFO - Успешный пакет
2025-11-12 01:48:56,899 - INFO - Успешный пакет
2025-11-12 01:48:56,949 - INFO - Успешный пакет
2025-11-12 01:48:57,006 - INFO - Успешный пакет
2025-11-12 01:48:57,054 - INFO - Успешный пакет
2025-11-12 01:48:57,087 - ERROR - CRC не совпадает
2025-11-12 01:48:57,093 - ERROR - Ошибочный пакет
2025-11-12 01:48:57,109 - WARNING -    Первые 20 байт: 5b70c40102004dfd2044586116c40103021c1c11
2025-11-12 01:48:57,130 - WARNING -    Первые 20 байт: 5b70c40102004dfd2044586116c40103021c1c11
2025-11-12 01:48:57,159 - WARNING -    Мусор: 5b70c40102004dfd2044586116c40103021c1c1144bcbcebc300d8c52d442cb86fc4000000609ec4b6010000fc55
2025-11-12 01:48:57,160 - INFO - Успешный пакет
2025-11-12 01:48:57,195 - INFO - Успешный пакет
2025-11-12 01:48:57,245 - INFO - Успешный пакет
2025-11-12 01:48:57,294 - INFO - Успешный пакет
2025-11-12 01:48:57,329 - INFO - Успешный пакет
2025-11-12 01:48:57,377 - INFO - Успешный пакет
2025-11-12 01:48:57,427 - ERROR - CRC не совпадает
2025-11-12 01:48:57,427 - ERROR - Ошибочный пакет
2025-11-12 01:48:57,445 - WARNING -    Первые 20 байт: 62c400000040a6c4cb0100000155
2025-11-12 01:48:57,461 - WARNING -    Первые 20 байт: 62c400000040a6c4cb0100000155
2025-11-12 01:48:57,478 - WARNING -    Мусор: 62c400000040a6c4cb0100000155
2025-11-12 01:48:57,479 - INFO - Успешный пакет
2025-11-12 01:48:57,526 - INFO - Успешный пакет
2025-11-12 01:48:57,574 - INFO - Успешный пакет
2025-11-12 01:48:57,625 - INFO - Успешный пакет
2025-11-12 01:48:57,674 - INFO - Успешный пакет
2025-11-12 01:48:57,723 - INFO - Успешный пакет
2025-11-12 01:48:57,773 - INFO - Успешный пакет
2025-11-12 01:48:57,821 - INFO - Успешный пакет
2025-11-12 01:48:57,870 - INFO - Успешный пакет
2025-11-12 01:48:57,903 - INFO - Успешный пакет
2025-11-12 01:48:57,952 - INFO - Успешный пакет
2025-11-12 01:48:58,001 - INFO - Успешный пакет
2025-11-12 01:48:58,051 - INFO - Успешный пакет
2025-11-12 01:48:58,099 - INFO - Успешный пакет
2025-11-12 01:48:58,150 - ERROR - CRC не совпадает
2025-11-12 01:48:58,151 - ERROR - Ошибочный пакет
2025-11-12 01:48:58,169 - WARNING -    Первые 20 байт: 9f27c400000020b7c4f8010000b255
2025-11-12 01:48:58,187 - WARNING -    Мусор: 9f27c400000020b7c4f8010000b255
2025-11-12 01:48:58,201 - INFO - Успешный пакет
2025-11-12 01:48:58,253 - INFO - Успешный пакет
2025-11-12 01:48:58,302 - INFO - Успешный пакет
2025-11-12 01:48:58,351 - INFO - Успешный пакет
2025-11-12 01:48:58,384 - INFO - Успешный пакет
2025-11-12 01:48:58,432 - INFO - Успешный пакет
2025-11-12 01:48:58,481 - INFO - Успешный пакет
2025-11-12 01:48:58,529 - INFO - Успешный пакет
2025-11-12 01:48:58,578 - INFO - Успешный пакет
2025-11-12 01:48:58,627 - INFO - Успешный пакет
2025-11-12 01:48:58,677 - ERROR - CRC не совпадает
2025-11-12 01:48:58,677 - ERROR - Ошибочный пакет
2025-11-12 01:48:58,697 - WARNING -    Первые 20 байт: 0e44a3e56bc4005b29e343bee43fc400000080c3
2025-11-12 01:48:58,713 - WARNING -    Мусор: 0e44a3e56bc4005b29e343bee43fc400000080c3c4190200001255
2025-11-12 01:48:58,727 - ERROR - CRC не совпадает
2025-11-12 01:48:58,728 - ERROR - Ошибочный пакет
2025-11-12 01:48:58,746 - WARNING -    Первые 20 байт: eeeb431e6d36c4010303783ee143d6b52ec40034
2025-11-12 01:48:58,776 - INFO - Успешный пакет
2025-11-12 01:48:58,825 - INFO - Успешный пакет
2025-11-12 01:48:58,875 - INFO - Успешный пакет
2025-11-12 01:48:58,924 - INFO - Успешный пакет
2025-11-12 01:48:58,957 - ERROR - CRC не совпадает
2025-11-12 01:48:58,957 - ERROR - Ошибочный пакет
2025-11-12 01:48:58,975 - WARNING -    Первые 20 байт: 5934c4010200853fe243351b3dc40103032c42cf
2025-11-12 01:48:58,991 - WARNING -    Первые 20 байт: 5934c4010200853fe243351b3dc40103032c42cf
2025-11-12 01:48:59,009 - WARNING -    Мусор: 5934c4010200853fe243351b3dc40103032c42cf436f2625c4008e39034415bb60c400e918d243e0214dc400000040cac42b020000b955
2025-11-12 01:48:59,009 - ERROR - CRC не совпадает
2025-11-12 01:48:59,009 - ERROR - Ошибочный пакет
2025-11-12 01:48:59,025 - WARNING -    Первые 20 байт: 1fc50102002966294460639bc4010200af051044
2025-11-12 01:48:59,042 - WARNING -    Первые 20 байт: 1fc50102002966294460639bc4010200af051044
2025-11-12 01:48:59,058 - WARNING -    Мусор: 1fc50102002966294460639bc4010200af0510444fc178c4010300d92718440fb432c40102000550e04352713ec401030350a9cb43f43c23c400a05f0144a8de5ec400d640cf43bb564fc400000060cbc42e0200005555
2025-11-12 01:48:59,073 - INFO - Успешный пакет
2025-11-12 01:48:59,106 - INFO - Успешный пакет
2025-11-12 01:48:59,155 - ERROR - CRC не совпадает
2025-11-12 01:48:59,155 - ERROR - Ошибочный пакет
2025-11-12 01:48:59,172 - WARNING -    Первые 20 байт: c400b3a3f743614959c4000000c0cec437020000
2025-11-12 01:48:59,190 - WARNING -    Первые 20 байт: c400b3a3f743614959c4000000c0cec437020000
2025-11-12 01:48:59,206 - WARNING -    Мусор: c400b3a3f743614959c4000000c0cec437020000d455
2025-11-12 01:48:59,206 - INFO - Успешный пакет
2025-11-12 01:48:59,253 - ERROR - CRC не совпадает
2025-11-12 01:48:59,254 - ERROR - Ошибочный пакет
2025-11-12 01:48:59,272 - WARNING -    Первые 20 байт: c400000000d1c43d0200000a55
2025-11-12 01:48:59,288 - WARNING -    Первые 20 байт: c400000000d1c43d0200000a55
2025-11-12 01:48:59,304 - WARNING -    Мусор: c400000000d1c43d0200000a55
2025-11-12 01:48:59,304 - INFO - Успешный пакет
2025-11-12 01:48:59,353 - INFO - Успешный пакет
2025-11-12 01:48:59,403 - INFO - Успешный пакет
2025-11-12 01:48:59,452 - INFO - Успешный пакет
2025-11-12 01:48:59,501 - INFO - Успешный пакет
2025-11-12 01:48:59,551 - INFO - Успешный пакет
2025-11-12 01:48:59,586 - INFO - Успешный пакет
2025-11-12 01:48:59,635 - ERROR - CRC не совпадает
2025-11-12 01:48:59,636 - ERROR - Ошибочный пакет
2025-11-12 01:48:59,655 - WARNING -    Первые 20 байт: 0200002355
2025-11-12 01:48:59,671 - WARNING -    Первые 20 байт: 0200002355
2025-11-12 01:48:59,688 - WARNING -    Мусор: 0200002355
2025-11-12 01:48:59,688 - INFO - Успешный пакет
2025-11-12 01:48:59,736 - INFO - Успешный пакет
2025-11-12 01:48:59,785 - INFO - Успешный пакет
2025-11-12 01:48:59,833 - INFO - Успешный пакет
2025-11-12 01:48:59,882 - INFO - Успешный пакет
2025-11-12 01:48:59,931 - INFO - Успешный пакет
2025-11-12 01:48:59,981 - INFO - Успешный пакет
2025-11-12 01:49:00,029 - INFO - Успешный пакет
2025-11-12 01:49:00,078 - INFO - Успешный пакет
2025-11-12 01:49:00,111 - INFO - Успешный пакет
2025-11-12 01:49:00,162 - INFO - Успешный пакет
2025-11-12 01:49:00,214 - INFO - Успешный пакет
2025-11-12 01:49:00,263 - INFO - Успешный пакет
2025-11-12 01:49:00,313 - INFO - Успешный пакет
2025-11-12 01:49:00,346 - ERROR - CRC не совпадает
2025-11-12 01:49:00,346 - ERROR - Ошибочный пакет
2025-11-12 01:49:00,364 - WARNING -    Мусор: 44f43d14c5010200
2025-11-12 01:49:00,364 - ERROR - CRC не совпадает
2025-11-12 01:49:00,364 - ERROR - Неверный тип пакета
2025-11-12 01:49:00,365 - ERROR - PARSING ERROR
Traceback (most recent call last):
  File "D:\BSUIR\Semester7\POVS\Labs\Lab3\LABA_3_stm\Core\Python\uart_protocol.py", line 389, in receive_game_state
    whirlpool_count = packet_data[offset]
                      ~~~~~~~~~~~^^^^^^^^
IndexError: index out of range
2025-11-12 01:49:00,394 - ERROR - CRC не совпадает
2025-11-12 01:49:00,395 - ERROR - Ошибочный пакет
2025-11-12 01:49:00,413 - WARNING -    Первые 20 байт: 4435d913c50102003ec1024409bd91c4010300d4
2025-11-12 01:49:00,461 - ERROR - CRC не совпадает
2025-11-12 01:49:00,461 - ERROR - Ошибочный пакет
2025-11-12 01:49:00,478 - WARNING -    Первые 20 байт: 33c401020331dd734327c488c4001e3dd1430cc2
2025-11-12 01:49:00,495 - WARNING -    Мусор: 33c401020331dd734327c488c4001e3dd1430cc28dc40073f6c043b15388c400000020edc4880200003655
2025-11-12 01:49:00,510 - ERROR - CRC не совпадает
2025-11-12 01:49:00,511 - ERROR - Ошибочный пакет
2025-11-12 01:49:00,528 - WARNING -    Первые 20 байт: 89c400000040eec48b0200006755
2025-11-12 01:49:00,546 - WARNING -    Мусор: 89c400000040eec48b0200006755
2025-11-12 01:49:00,559 - INFO - Успешный пакет
2025-11-12 01:49:00,607 - INFO - Успешный пакет
2025-11-12 01:49:00,642 - WARNING -    Начало пакета: aa01faff8d4300a0a6c40000d8416400000000000500941d534490df11c5010200ddccf543d4fa92c4010300f82bc0434c08
2025-11-12 01:49:00,657 - INFO - Успешный пакет
2025-11-12 01:49:00,691 - INFO - Успешный пакет
2025-11-12 01:49:00,740 - INFO - Успешный пакет
2025-11-12 01:49:00,791 - INFO - Успешный пакет
2025-11-12 01:49:00,841 - INFO - Успешный пакет
2025-11-12 01:49:00,891 - ERROR - CRC не совпадает
2025-11-12 01:49:00,891 - ERROR - Ошибочный пакет
2025-11-12 01:49:00,909 - WARNING -    Первые 20 байт: 3cb843a6a48bc4010000694d14444d1ee5c30102
2025-11-12 01:49:00,928 - WARNING -    Мусор: 3cb843a6a48bc4010000694d14444d1ee5c30102008d44b743349f24c4010203c0ab4043f3b192c40080eaa343396b8ac400c4b1a243cc6591c400000040f7c4a3020000f855
2025-11-12 01:49:00,940 - INFO - Успешный пакет
2025-11-12 01:49:00,981 - INFO - Успешный пакет
2025-11-12 01:49:01,030 - INFO - Успешный пакет
2025-11-12 01:49:01,079 - ERROR - CRC не совпадает
2025-11-12 01:49:01,080 - ERROR - Ошибочный пакет
2025-11-12 01:49:01,098 - WARNING -    Первые 20 байт: 4431e735c5010300c9b7504444360ec5010200e2
2025-11-12 01:49:01,114 - WARNING -    Мусор: 4431e735c5010300c9b7504444360ec5010200e275dd43662497c4010300a4cbb3437cbf8ec4010000e44f13445e11d8c30102004d85b943681e1ec40102031ceb2943a31b97c400c8c58f434def88c400e83d9543d86d95c4000000c0fbc4af0200006555
2025-11-12 01:49:01,129 - INFO - Успешный пакет
2025-11-12 01:49:01,179 - INFO - Успешный пакет
2025-11-12 01:49:01,229 - INFO - Успешный пакет
2025-11-12 01:49:01,263 - ERROR - CRC не совпадает
2025-11-12 01:49:01,263 - ERROR - Ошибочный пакет
2025-11-12 01:49:01,280 - WARNING -    Первые 20 байт: 45d5439bb999c4010000b1f5b04321f891c40100
2025-11-12 01:49:01,298 - WARNING -    Первые 20 байт: 45d5439bb999c4010000b1f5b04321f891c40100
2025-11-12 01:49:01,314 - WARNING -    Мусор: 45d5439bb999c4010000b1f5b04321f891c40100002a4d12440506cbc301020072e4bb434ea017c4010203782a134353859bc40020427743617387c4000cca8743e47599c40000002000c5bb0200007855
2025-11-12 01:49:01,328 - INFO - Успешный пакет
2025-11-12 01:49:01,376 - INFO - Успешный пакет
2025-11-12 01:49:01,413 - WARNING -    Начало пакета: aa0196d9ad4300a0b8c4000000006400000000000600b8244d44bfeb33c5010200637e4e446b610bc5010200fd3bd043c5da
2025-11-12 01:49:01,427 - INFO - Успешный пакет
2025-11-12 01:49:01,462 - WARNING -    Начало пакета: aa0196d9ad4300c0b9c40000000064000000000006006b624c44008e33c501020099254e443cfa0ac501020085bdce431497
2025-11-12 01:49:01,475 - INFO - Успешный пакет
2025-11-12 01:49:01,510 - INFO - Успешный пакет
2025-11-12 01:49:01,565 - INFO - Успешный пакет
2025-11-12 01:49:01,613 - INFO - Успешный пакет
2025-11-12 01:49:01,662 - INFO - Успешный пакет
2025-11-12 01:49:01,712 - INFO - Успешный пакет
2025-11-12 01:49:01,744 - ERROR - CRC не совпадает
2025-11-12 01:49:01,745 - ERROR - Ошибочный пакет
2025-11-12 01:49:01,762 - WARNING -    Мусор: c0ab439c169ac4010000abbc0f44ac6c
2025-11-12 01:49:01,762 - ERROR - CRC не совпадает
2025-11-12 01:49:01,763 - ERROR - Неверный тип пакета
2025-11-12 01:49:01,763 - ERROR - PARSING ERROR
Traceback (most recent call last):
  File "D:\BSUIR\Semester7\POVS\Labs\Lab3\LABA_3_stm\Core\Python\uart_protocol.py", line 378, in receive_game_state
    proj_count = packet_data[offset]
                 ~~~~~~~~~~~^^^^^^^^
IndexError: index out of range
2025-11-12 01:49:01,809 - INFO - Успешный пакет
2025-11-12 01:49:01,846 - WARNING -    Начало пакета: aa01fc3fab4300c0c2c4000040c16400000000000600aec448444a6430c5010200e4b94a44e4ca07c50102003e67c54357c1
2025-11-12 01:49:01,861 - INFO - Успешный пакет
2025-11-12 01:49:01,894 - INFO - Успешный пакет
2025-11-12 01:49:01,945 - INFO - Успешный пакет
2025-11-12 01:49:01,995 - ERROR - CRC не совпадает
2025-11-12 01:49:01,996 - ERROR - Ошибочный пакет
2025-11-12 01:49:02,014 - WARNING -    Первые 20 байт: bfc243b123a5c40100009a65a54365e29dc40100
2025-11-12 01:49:02,047 - INFO - Успешный пакет
2025-11-12 01:49:02,096 - INFO - Успешный пакет
2025-11-12 01:49:02,144 - INFO - Успешный пакет
2025-11-12 01:49:02,176 - ERROR - CRC не совпадает
2025-11-12 01:49:02,177 - ERROR - Ошибочный пакет
2025-11-12 01:49:02,196 - WARNING -    Первые 20 байт: a8c4010000c51a9f438cc7a0c4010000178d0d44
2025-11-12 01:49:02,211 - WARNING -    Первые 20 байт: a8c4010000c51a9f438cc7a0c4010000178d0d44
2025-11-12 01:49:02,229 - WARNING -    Мусор: a8c4010000c51a9f438cc7a0c4010000178d0d44790c8dc30102004f86c74314a4f1c3010203c25d1c42577bb0c400a1c70f431d9cacc400923abd433e55adc4000000d00ac5f40200008c55
2025-11-12 01:49:02,242 - INFO - Успешный пакет
2025-11-12 01:49:02,279 - WARNING -    Начало пакета: aa0195d9934300e0ccc400001cc26400000000000600df14474453b42cc5010200a9704744652d04c50102000ccfbd43d7ee
2025-11-12 01:49:02,293 - INFO - Успешный пакет
2025-11-12 01:49:02,327 - INFO - Успешный пакет
2025-11-12 01:49:02,377 - INFO - Успешный пакет
2025-11-12 01:49:02,426 - INFO - Успешный пакет
2025-11-12 01:49:02,475 - INFO - Успешный пакет
2025-11-12 01:49:02,525 - INFO - Успешный пакет
2025-11-12 01:49:02,573 - INFO - Успешный пакет
2025-11-12 01:49:02,623 - INFO - Успешный пакет
2025-11-12 01:49:02,674 - INFO - Успешный пакет
2025-11-12 01:49:02,708 - INFO - Успешный пакет
2025-11-12 01:49:02,756 - INFO - Успешный пакет
2025-11-12 01:49:02,810 - INFO - Успешный пакет
2025-11-12 01:49:02,860 - INFO - Успешный пакет
2025-11-12 01:49:02,894 - ERROR - CRC не совпадает
2025-11-12 01:49:02,895 - ERROR - Ошибочный пакет
2025-11-12 01:49:02,912 - WARNING -    Первые 20 байт: 934544095b27c5010200564846441eff01c50102
2025-11-12 01:49:02,928 - WARNING -    Первые 20 байт: 934544095b27c5010200564846441eff01c50102
2025-11-12 01:49:02,944 - WARNING -    Мусор: 934544095b27c5010200564846441eff01c5010200c455b143302cb4c4010000537f8443a930abc4010300194f0a446cf337c301020045bdd0439901c1c3010202daf3ac436f98c0c400708b2b424ababbc40000004013c5210300005855
2025-11-12 01:49:02,959 - INFO - Успешный пакет
2025-11-12 01:49:03,009 - INFO - Успешный пакет
2025-11-12 01:49:03,057 - INFO - Успешный пакет
2025-11-12 01:49:03,092 - WARNING -    Начало пакета: aa01d9dd3e430000e0c4000000006400000000000600f1f344442fb725c5010200564846441eff01c5010200fab7ab435327
2025-11-12 01:49:03,107 - INFO - Успешный пакет
2025-11-12 01:49:03,140 - INFO - Успешный пакет
2025-11-12 01:49:03,189 - INFO - Успешный пакет
2025-11-12 01:49:03,240 - INFO - Успешный пакет
2025-11-12 01:49:03,291 - INFO - Успешный пакет
2025-11-12 01:49:03,341 - INFO - Успешный пакет
2025-11-12 01:49:03,390 - INFO - Успешный пакет
2025-11-12 01:49:03,440 - INFO - Успешный пакет
2025-11-12 01:49:03,475 - WARNING -    Начало пакета: aa01d9dd3e430000e9c40000000064000000000006006fcc46445f7522c5010200564846441eff01c501020016219f4388f1
2025-11-12 01:49:03,490 - INFO - Успешный пакет
2025-11-12 01:49:03,523 - INFO - Успешный пакет
2025-11-12 01:49:03,571 - ERROR - CRC не совпадает
2025-11-12 01:49:03,572 - ERROR - Ошибочный пакет
2025-11-12 01:49:03,592 - WARNING -    Первые 20 байт: 43bfc2b4c40103006f5c0744d89cb8c201020051
2025-11-12 01:49:03,609 - WARNING -    Первые 20 байт: 43bfc2b4c40103006f5c0744d89cb8c201020051
2025-11-12 01:49:03,626 - WARNING -    Мусор: 43bfc2b4c40103006f5c0744d89cb8c20102005157d943379d93c3010201eac29d43e192d2c4000000201bc54b030000f855
2025-11-12 01:49:03,627 - INFO - Успешный пакет
2025-11-12 01:49:03,673 - ERROR - CRC не совпадает
2025-11-12 01:49:03,674 - ERROR - Ошибочный пакет
2025-11-12 01:49:03,692 - WARNING -    Первые 20 байт: 8a984329ccbfc4010000ff254e433f20b6c40103
2025-11-12 01:49:03,709 - WARNING -    Мусор: 8a984329ccbfc4010000ff254e433f20b6c4010300e0f00644716d9ec2010200e591da4329218dc30102015a979b435f24d5c4000000401cc5510300004c55
2025-11-12 01:49:03,724 - ERROR - CRC не совпадает
2025-11-12 01:49:03,724 - ERROR - Ошибочный пакет
2025-11-12 01:49:03,742 - WARNING -    Первые 20 байт: 91c20102002f2fdb4322e389c301020192819a43
2025-11-12 01:49:03,759 - WARNING -    Мусор: 91c20102002f2fdb4322e389c301020192819a431e6dd6c4000000d01cc5540300007855
2025-11-12 01:49:03,772 - INFO - Успешный пакет
2025-11-12 01:49:03,821 - INFO - Успешный пакет
2025-11-12 01:49:03,870 - INFO - Успешный пакет
2025-11-12 01:49:03,920 - INFO - Успешный пакет
2025-11-12 01:49:03,954 - INFO - Успешный пакет
2025-11-12 01:49:04,002 - INFO - Успешный пакет
2025-11-12 01:49:04,052 - INFO - Успешный пакет
2025-11-12 01:49:04,101 - INFO - Успешный пакет
2025-11-12 01:49:04,153 - INFO - Успешный пакет
2025-11-12 01:49:04,204 - INFO - Успешный пакет
2025-11-12 01:49:04,252 - INFO - Успешный пакет
2025-11-12 01:49:04,302 - INFO - Успешный пакет
2025-11-12 01:49:04,351 - INFO - Успешный пакет
2025-11-12 01:49:04,385 - INFO - Успешный пакет
2025-11-12 01:49:04,435 - INFO - Успешный пакет
2025-11-12 01:49:04,484 - INFO - Успешный пакет
2025-11-12 01:49:04,534 - INFO - Успешный пакет
2025-11-12 01:49:04,583 - INFO - Успешный пакет
2025-11-12 01:49:04,633 - INFO - Успешный пакет
2025-11-12 01:49:04,684 - INFO - Успешный пакет
2025-11-12 01:49:04,733 - INFO - Успешный пакет
2025-11-12 01:49:04,784 - INFO - Успешный пакет
2025-11-12 01:49:04,817 - INFO - Успешный пакет
2025-11-12 01:49:04,868 - INFO - Успешный пакет
2025-11-12 01:49:04,918 - INFO - Успешный пакет
2025-11-12 01:49:04,968 - INFO - Успешный пакет
2025-11-12 01:49:05,018 - INFO - Успешный пакет
2025-11-12 01:49:05,067 - INFO - Успешный пакет
2025-11-12 01:49:05,117 - INFO - Успешный пакет
2025-11-12 01:49:05,168 - INFO - Успешный пакет
2025-11-12 01:49:05,200 - INFO - Успешный пакет
2025-11-12 01:49:05,249 - INFO - Успешный пакет
2025-11-12 01:49:05,300 - ERROR - CRC не совпадает
2025-11-12 01:49:05,301 - ERROR - Ошибочный пакет
2025-11-12 01:49:05,321 - WARNING -    Первые 20 байт: 41f0429cfdcdc4010000d61a0d441d560d430102
2025-11-12 01:49:05,351 - INFO - Успешный пакет
2025-11-12 01:49:05,400 - INFO - Успешный пакет
2025-11-12 01:49:05,450 - ERROR - CRC не совпадает
2025-11-12 01:49:05,450 - ERROR - Ошибочный пакет
2025-11-12 01:49:05,467 - WARNING -    Первые 20 байт: 72d0c40100006d5e0e44de7a20430102000608d6
2025-11-12 01:49:05,484 - WARNING -    Мусор: 72d0c40100006d5e0e44de7a20430102000608d6435e591dc201020000001031c5c00300008055
2025-11-12 01:49:05,499 - INFO - Успешный пакет
2025-11-12 01:49:05,548 - INFO - Успешный пакет
2025-11-12 01:49:05,595 - INFO - Успешный пакет
2025-11-12 01:49:05,644 - INFO - Успешный пакет
2025-11-12 01:49:05,692 - INFO - Успешный пакет
2025-11-12 01:49:05,742 - INFO - Успешный пакет
2025-11-12 01:49:05,774 - ERROR - CRC не совпадает
2025-11-12 01:49:05,775 - ERROR - Ошибочный пакет
2025-11-12 01:49:05,795 - WARNING -    Первые 20 байт: f042dc34d6c40100008f5811446d1e4d43010200
2025-11-12 01:49:05,809 - WARNING -    Первые 20 байт: f042dc34d6c40100008f5811446d1e4d43010200
2025-11-12 01:49:05,825 - WARNING -    Мусор: f042dc34d6c40100008f5811446d1e4d43010200be75d343416bd24001020332c546442ccf24c500ddf24544090325c500e0414544293e25c50000000035c5d50300008b55
2025-11-12 01:49:05,840 - INFO - Успешный пакет
2025-11-12 01:49:05,876 - WARNING -    Начало пакета: aa01aa2ab94300a010c50000000064000000000006005c904e4492120ec5010200564846441eff01c501020071a98443cf32
2025-11-12 01:49:05,891 - INFO - Успешный пакет
2025-11-12 01:49:05,924 - INFO - Успешный пакет
2025-11-12 01:49:05,974 - INFO - Успешный пакет
2025-11-12 01:49:06,023 - INFO - Успешный пакет
2025-11-12 01:49:06,073 - INFO - Успешный пакет
2025-11-12 01:49:06,123 - INFO - Успешный пакет
2025-11-12 01:49:06,173 - INFO - Успешный пакет
2025-11-12 01:49:06,222 - INFO - Успешный пакет
2025-11-12 01:49:06,272 - INFO - Успешный пакет
2025-11-12 01:49:06,320 - INFO - Успешный пакет
2025-11-12 01:49:06,357 - WARNING -    Начало пакета: aa01aa2ab943004016c500000000640000000000060059644b444f070ac5010200564846441eff01c5010300f2dd92432fcd
2025-11-12 01:49:06,370 - INFO - Успешный пакет
2025-11-12 01:49:06,405 - WARNING -    Начало пакета: aa01aa2ab94300d016c500000000640000000000060037f74a4458a109c5010200564846441eff01c50103008e279443bf0a
2025-11-12 01:49:06,419 - INFO - Успешный пакет
2025-11-12 01:49:06,452 - INFO - Успешный пакет
2025-11-12 01:49:06,518 - INFO - Успешный пакет
2025-11-12 01:49:06,570 - WARNING -    Начало пакета: aa01abaaba43008018c5000010416400000000000600eea84944f16f08c5010200564846441eff01c5010300982497431faf
2025-11-12 01:49:06,584 - INFO - Успешный пакет
2025-11-12 01:49:06,633 - INFO - Успешный пакет
2025-11-12 01:49:06,698 - INFO - Успешный пакет
2025-11-12 01:49:06,750 - INFO - Успешный пакет
2025-11-12 01:49:06,803 - WARNING -    Начало пакета: aa01ab6abb4300c01ac50000000064000000000006005cb9474448dc06c5010200564846441eff01c501030060b69943d072
2025-11-12 01:49:06,817 - INFO - Успешный пакет
2025-11-12 01:49:06,868 - INFO - Успешный пакет
2025-11-12 01:49:06,933 - INFO - Успешный пакет
2025-11-12 01:49:06,984 - ERROR - CRC не совпадает
2025-11-12 01:49:06,985 - ERROR - Ошибочный пакет
2025-11-12 01:49:07,005 - WARNING -    Мусор: 21e9c40100009e371b44c3d8af43010200193bcd43caa81d43010203
2025-11-12 01:49:07,005 - ERROR - CRC не совпадает
2025-11-12 01:49:07,005 - ERROR - Неверный тип пакета
2025-11-12 01:49:07,006 - ERROR - Ошибочный пакет
2025-11-12 22:14:16,984 - INFO - Успешный пакет
2025-11-12 22:14:17,003 - INFO - Успешный пакет
2025-11-12 22:14:17,019 - INFO - Успешный пакет
2025-11-12 22:14:17,036 - INFO - Успешный пакет
2025-11-12 22:14:17,070 - INFO - Успешный пакет
2025-11-12 22:14:17,121 - INFO - Успешный пакет
2025-11-12 22:14:17,153 - INFO - Успешный пакет
2025-11-12 22:14:17,203 - INFO - Успешный пакет
2025-11-12 22:14:17,252 - INFO - Успешный пакет
2025-11-12 22:14:17,302 - INFO - Успешный пакет
2025-11-12 22:14:17,352 - INFO - Успешный пакет
2025-11-12 22:14:17,401 - INFO - Успешный пакет
2025-11-12 22:14:17,451 - INFO - Успешный пакет
2025-11-12 22:14:17,501 - INFO - Успешный пакет
2025-11-12 22:14:17,549 - INFO - Успешный пакет
2025-11-12 22:14:17,599 - INFO - Успешный пакет
2025-11-12 22:14:17,649 - INFO - Успешный пакет
2025-11-12 22:14:17,697 - INFO - Успешный пакет
2025-11-12 22:14:17,731 - INFO - Успешный пакет
2025-11-12 22:14:17,781 - INFO - Успешный пакет
2025-11-12 22:14:17,833 - INFO - Успешный пакет
2025-11-12 22:14:17,883 - INFO - Успешный пакет
2025-11-12 22:14:17,932 - INFO - Успешный пакет
2025-11-12 22:14:17,982 - INFO - Успешный пакет
2025-11-12 22:14:18,017 - INFO - Успешный пакет
2025-11-12 22:14:18,066 - INFO - Успешный пакет
2025-11-12 22:14:18,115 - INFO - Успешный пакет
2025-11-12 22:14:18,179 - INFO - Успешный пакет
2025-11-12 22:14:18,228 - INFO - Успешный пакет
2025-11-12 22:14:18,262 - INFO - Успешный пакет
2025-11-12 22:14:18,312 - INFO - Успешный пакет
2025-11-12 22:14:18,364 - INFO - Успешный пакет
2025-11-12 22:14:18,413 - INFO - Успешный пакет
2025-11-12 22:14:18,465 - INFO - Успешный пакет
2025-11-12 22:14:18,515 - INFO - Успешный пакет
2025-11-12 22:14:18,548 - INFO - Успешный пакет
2025-11-12 22:14:18,597 - INFO - Успешный пакет
2025-11-12 22:14:18,647 - INFO - Успешный пакет
2025-11-12 22:14:18,697 - INFO - Успешный пакет
2025-11-12 22:14:33,534 - INFO - Успешный пакет
2025-11-12 22:14:33,542 - INFO - Успешный пакет
2025-11-12 22:14:33,575 - INFO - Успешный пакет
2025-11-12 22:14:33,625 - INFO - Успешный пакет
2025-11-12 22:14:33,674 - INFO - Успешный пакет
2025-11-12 22:14:33,722 - INFO - Успешный пакет
2025-11-12 22:14:33,773 - INFO - Успешный пакет
2025-11-12 22:14:33,823 - INFO - Успешный пакет
2025-11-12 22:14:33,873 - INFO - Успешный пакет
2025-11-12 22:14:33,923 - INFO - Успешный пакет
2025-11-12 22:14:33,972 - INFO - Успешный пакет
2025-11-12 22:14:34,022 - INFO - Успешный пакет
2025-11-12 22:14:34,054 - INFO - Успешный пакет
2025-11-12 22:14:34,105 - INFO - Успешный пакет
2025-11-12 22:14:34,155 - INFO - Успешный пакет
2025-11-12 22:14:34,205 - INFO - Успешный пакет
2025-11-12 22:14:34,256 - INFO - Успешный пакет
2025-11-12 22:14:34,306 - INFO - Успешный пакет
2025-11-12 22:14:34,355 - INFO - Успешный пакет
2025-11-12 22:14:34,405 - INFO - Успешный пакет
2025-11-12 22:14:34,494 - WARNING -    Данные: aa0155
2025-11-12 22:14:34,495 - WARNING -    Первые 20 байт: d515440080e943000080c0640000000000000001
2025-11-12 22:14:34,503 - WARNING -    Мусор: d515440080e943000080c0640000000000000001ca990c4400a0dfc400000005c33c0000007355
2025-11-12 22:14:34,503 - INFO - Успешный пакет
2025-11-12 22:14:34,535 - WARNING -    Данные: aa0155
2025-11-12 22:14:34,536 - WARNING -    Первые 20 байт: 1515440080e043000020c1640000000000000001
2025-11-12 22:14:34,551 - WARNING -    Первые 20 байт: 1515440080e043000020c1640000000000000001
2025-11-12 22:14:34,567 - WARNING -    Первые 20 байт: 1515440080e043000020c1640000000000000001
2025-11-12 22:14:34,583 - WARNING -    Мусор: 1515440080e043000020c1640000000000000001ca990c4400a0dfc400000017c3420000009955
2025-11-12 22:14:34,584 - INFO - Успешный пакет
2025-11-12 22:14:34,631 - INFO - Успешный пакет
2025-11-12 22:14:34,683 - WARNING -    Данные: aa0155
2025-11-12 22:14:34,685 - WARNING -    Первые 20 байт: d512440000d343000098c1640000000000000001
2025-11-12 22:14:34,699 - WARNING -    Первые 20 байт: d512440000d343000098c1640000000000000001
2025-11-12 22:14:34,716 - WARNING -    Первые 20 байт: d512440000d343000098c1640000000000000001
2025-11-12 22:14:34,732 - WARNING -    Мусор: d512440000d343000098c1640000000000000001ca990c4400a0dfc400000032c34b0000007055
2025-11-12 22:14:34,732 - INFO - Успешный пакет
2025-11-12 22:14:34,781 - WARNING -    Данные: aa0155
2025-11-12 22:14:34,783 - WARNING -    Первые 20 байт: 9510440000ca430000c8c1640000000000000001
2025-11-12 22:14:34,801 - WARNING -    Первые 20 байт: 9510440000ca430000c8c1640000000000000001
2025-11-12 22:14:34,815 - WARNING -    Первые 20 байт: 9510440000ca430000c8c1640000000000000001
2025-11-12 22:14:34,832 - WARNING -    Мусор: 9510440000ca430000c8c1640000000000000001ca990c4400a0dfc400000044c3510000008855
2025-11-12 22:14:34,832 - INFO - Успешный пакет
2025-11-12 22:14:34,879 - INFO - Успешный пакет
2025-11-12 22:14:34,930 - WARNING -    Данные: aa0155
2025-11-12 22:14:34,932 - WARNING -    Первые 20 байт: 150c440080bc43000008c2640000000000000001
2025-11-12 22:14:34,947 - WARNING -    Первые 20 байт: 150c440080bc43000008c2640000000000000001
2025-11-12 22:14:34,965 - WARNING -    Мусор: 150c440080bc43000008c2640000000000000001ca990c4400a0dfc40000005fc35a000000a155
2025-11-12 22:14:34,979 - INFO - Успешный пакет
2025-11-12 22:14:35,015 - WARNING -    Данные: aa0155
2025-11-12 22:14:35,016 - WARNING -    Первые 20 байт: 5508440080b343000020c2640000000000000001
2025-11-12 22:14:35,031 - WARNING -    Первые 20 байт: 5508440080b343000020c2640000000000000001
2025-11-12 22:14:35,048 - WARNING -    Первые 20 байт: 5508440080b343000020c2640000000000000001
2025-11-12 22:14:35,064 - WARNING -    Мусор: 5508440080b343000020c2640000000000000001ca990c4400a0dfc400000071c3600000008a55
2025-11-12 22:14:35,064 - INFO - Успешный пакет
2025-11-12 22:14:35,111 - INFO - Успешный пакет
2025-11-12 22:14:35,161 - INFO - Успешный пакет
2025-11-12 22:14:35,209 - INFO - Успешный пакет
2025-11-12 22:14:35,258 - INFO - Успешный пакет
2025-11-12 22:14:35,308 - INFO - Успешный пакет
2025-11-12 22:14:35,359 - INFO - Успешный пакет
2025-11-12 22:14:35,409 - INFO - Успешный пакет
2025-11-12 22:14:35,458 - INFO - Успешный пакет
2025-11-12 22:14:35,508 - INFO - Успешный пакет
2025-11-12 22:14:35,557 - INFO - Успешный пакет
2025-11-12 22:14:35,591 - INFO - Успешный пакет
2025-11-12 22:14:35,639 - INFO - Успешный пакет
2025-11-12 22:14:35,688 - INFO - Успешный пакет
2025-11-12 22:14:35,737 - INFO - Успешный пакет
2025-11-12 22:14:35,785 - INFO - Успешный пакет
2025-11-12 22:14:35,833 - INFO - Успешный пакет
2025-11-12 22:14:35,882 - INFO - Успешный пакет
2025-11-12 22:14:35,931 - INFO - Успешный пакет
2025-11-12 22:14:35,981 - INFO - Успешный пакет
2025-11-12 22:14:36,033 - INFO - Успешный пакет
2025-11-12 22:14:36,082 - INFO - Успешный пакет
2025-11-12 22:14:36,131 - INFO - Успешный пакет
2025-11-12 22:14:36,182 - INFO - Успешный пакет
2025-11-12 22:14:36,216 - INFO - Успешный пакет
2025-11-12 22:14:36,264 - INFO - Успешный пакет
2025-11-12 22:14:36,313 - INFO - Успешный пакет
2025-11-12 22:14:36,363 - INFO - Успешный пакет
2025-11-12 22:14:36,412 - INFO - Успешный пакет
2025-11-12 22:14:36,460 - INFO - Успешный пакет
2025-11-12 22:14:36,511 - INFO - Успешный пакет
2025-11-12 22:14:36,563 - INFO - Успешный пакет
2025-11-12 22:14:36,612 - INFO - Успешный пакет
2025-11-12 22:14:36,660 - INFO - Успешный пакет
2025-11-12 22:14:36,708 - INFO - Успешный пакет
2025-11-12 22:14:36,741 - INFO - Успешный пакет
2025-11-12 22:14:36,792 - INFO - Успешный пакет
2025-11-12 22:14:36,843 - INFO - Успешный пакет
2025-11-12 22:14:36,892 - INFO - Успешный пакет
2025-11-12 22:14:36,942 - INFO - Успешный пакет
2025-11-12 22:14:36,990 - INFO - Успешный пакет
2025-11-12 22:14:37,040 - INFO - Успешный пакет
2025-11-12 22:14:37,089 - INFO - Успешный пакет
2025-11-12 22:14:37,125 - WARNING -    Данные: aa015155
2025-11-12 22:14:37,126 - WARNING -    Первые 20 байт: f043000014c200003442640000000000010191ba
2025-11-12 22:14:37,142 - WARNING -    Первые 20 байт: f043000014c200003442640000000000010191ba
2025-11-12 22:14:37,158 - WARNING -    Первые 20 байт: f043000014c200003442640000000000010191ba
2025-11-12 22:14:37,175 - WARNING -    Мусор: f043000014c200003442640000000000010191baf243d06c89c403020001ca990c4400a0dfc40000401fc4e40000004d55
2025-11-12 22:14:37,189 - INFO - Успешный пакет
2025-11-12 22:14:37,222 - INFO - Успешный пакет
2025-11-12 22:14:37,273 - INFO - Успешный пакет
2025-11-12 22:14:37,323 - INFO - Успешный пакет
2025-11-12 22:14:37,371 - INFO - Успешный пакет
2025-11-12 22:14:37,420 - INFO - Успешный пакет
2025-11-12 22:14:37,470 - INFO - Успешный пакет
2025-11-12 22:14:37,520 - INFO - Успешный пакет
2025-11-12 22:14:37,569 - INFO - Успешный пакет
2025-11-12 22:14:37,620 - WARNING -    Данные: aa015655
2025-11-12 22:14:37,621 - WARNING -    Первые 20 байт: 0e440000fec2000034426400000000000200b91f
2025-11-12 22:14:37,637 - WARNING -    Первые 20 байт: 0e440000fec2000034426400000000000200b91f
2025-11-12 22:14:37,653 - WARNING -    Мусор: 0e440000fec2000034426400000000000200b91f34446e86d5c40102013634f543017583c403020001ca990c4400a0dfc40000c035c4020100008b55
2025-11-12 22:14:37,668 - INFO - Успешный пакет
2025-11-12 22:14:37,718 - INFO - Успешный пакет
2025-11-12 22:14:37,752 - INFO - Успешный пакет
2025-11-12 22:14:37,800 - INFO - Успешный пакет
2025-11-12 22:14:37,849 - INFO - Успешный пакет
2025-11-12 22:14:37,898 - INFO - Успешный пакет
2025-11-12 22:14:37,948 - INFO - Успешный пакет
2025-11-12 22:14:37,997 - INFO - Успешный пакет
2025-11-12 22:14:38,045 - INFO - Успешный пакет
2025-11-12 22:14:38,093 - INFO - Успешный пакет
2025-11-12 22:14:38,144 - INFO - Успешный пакет
2025-11-12 22:14:38,192 - INFO - Успешный пакет
2025-11-12 22:14:38,242 - INFO - Успешный пакет
2025-11-12 22:14:38,293 - ERROR - CRC не совпадает
2025-11-12 22:14:38,294 - ERROR - Ошибочный пакет
2025-11-12 22:14:38,311 - WARNING -    Первые 20 байт: c42c0100009955
2025-11-12 22:14:38,327 - WARNING -    Мусор: c42c0100009955
2025-11-12 22:14:38,342 - INFO - Успешный пакет
2025-11-12 22:14:38,392 - INFO - Успешный пакет
2025-11-12 22:14:38,425 - INFO - Успешный пакет
2025-11-12 22:14:38,475 - INFO - Успешный пакет
2025-11-12 22:14:38,526 - INFO - Успешный пакет
2025-11-12 22:14:38,575 - INFO - Успешный пакет
2025-11-12 22:14:38,624 - INFO - Успешный пакет
2025-11-12 22:14:38,673 - INFO - Успешный пакет
2025-11-12 22:14:38,722 - INFO - Успешный пакет
2025-11-12 22:14:38,772 - INFO - Успешный пакет
2025-11-12 22:14:38,821 - INFO - Успешный пакет
2025-11-12 22:14:38,871 - INFO - Успешный пакет
2025-11-12 22:14:38,904 - ERROR - CRC не совпадает
2025-11-12 22:14:38,904 - ERROR - Ошибочный пакет
2025-11-12 22:14:38,922 - WARNING -    Первые 20 байт: bfc40102011804fc4391b166c403020001ca990c
2025-11-12 22:14:38,939 - WARNING -    Первые 20 байт: bfc40102011804fc4391b166c403020001ca990c
2025-11-12 22:14:38,955 - WARNING -    Мусор: bfc40102011804fc4391b166c403020001ca990c4400a0dfc400008072c453010000f155
2025-11-12 22:14:38,955 - INFO - Успешный пакет
2025-11-12 22:14:39,001 - INFO - Успешный пакет
2025-11-12 22:14:39,050 - INFO - Успешный пакет
2025-11-12 22:14:39,100 - INFO - Успешный пакет
2025-11-12 22:14:39,149 - INFO - Успешный пакет
2025-11-12 22:14:39,200 - INFO - Успешный пакет
2025-11-12 22:14:39,250 - INFO - Успешный пакет
2025-11-12 22:14:39,299 - INFO - Успешный пакет
2025-11-12 22:14:39,347 - INFO - Успешный пакет
2025-11-12 22:14:39,396 - INFO - Успешный пакет
2025-11-12 22:14:39,445 - INFO - Успешный пакет
2025-11-12 22:14:39,495 - INFO - Успешный пакет
2025-11-12 22:14:39,529 - ERROR - CRC не совпадает
2025-11-12 22:14:39,529 - ERROR - Ошибочный пакет
2025-11-12 22:14:39,547 - WARNING -    Первые 20 байт: c400d08e0044a71e55c4005ce1ff43bdff54c400
2025-11-12 22:14:39,564 - WARNING -    Первые 20 байт: c400d08e0044a71e55c4005ce1ff43bdff54c400
2025-11-12 22:14:39,581 - WARNING -    Мусор: c400d08e0044a71e55c4005ce1ff43bdff54c40001ca990c4400a0dfc40000e087c47a0100003755
2025-11-12 22:14:39,581 - ERROR - CRC не совпадает
2025-11-12 22:14:39,581 - ERROR - Ошибочный пакет
2025-11-12 22:14:39,598 - WARNING -    Первые 20 байт: c4030203cd000244886953c400321d0144401853
2025-11-12 22:14:39,615 - WARNING -    Первые 20 байт: c4030203cd000244886953c400321d0144401853
2025-11-12 22:14:39,631 - WARNING -    Мусор: c4030203cd000244886953c400321d0144401853c400ff2f0044e1e952c40001ca990c4400a0dfc400000089c47d0100006755
2025-11-12 22:14:39,632 - INFO - Успешный пакет
2025-11-12 22:14:39,678 - INFO - Успешный пакет
2025-11-12 22:14:39,726 - INFO - Успешный пакет
2025-11-12 22:14:39,777 - INFO - Успешный пакет
2025-11-12 22:14:39,826 - INFO - Успешный пакет
2025-11-12 22:14:39,877 - INFO - Успешный пакет
2025-11-12 22:14:39,927 - INFO - Успешный пакет
2025-11-12 22:14:39,959 - ERROR - CRC не совпадает
2025-11-12 22:14:39,960 - ERROR - Ошибочный пакет
2025-11-12 22:14:39,980 - WARNING -    Первые 20 байт: 44e4b2c5c401020058902c44ba48adc4010201a4
2025-11-12 22:14:40,003 - WARNING -    Первые 20 байт: 44e4b2c5c401020058902c44ba48adc4010201a4
2025-11-12 22:14:40,026 - WARNING -    Мусор: 44e4b2c5c401020058902c44ba48adc4010201a4cc004415714cc4030203cdd20844100f44c4004290054408e542c400872a0244013b42c40001ca990c4400a0dfc400000092c4950100003855
2025-11-12 22:14:40,027 - ERROR - CRC не совпадает
2025-11-12 22:14:40,028 - ERROR - Ошибочный пакет
2025-11-12 22:14:40,051 - WARNING -    Первые 20 байт: 4499e4c4c40102003a642c44ae76acc401020123
2025-11-12 22:14:40,075 - ERROR - CRC не совпадает
2025-11-12 22:14:40,076 - ERROR - Ошибочный пакет
2025-11-12 22:14:40,095 - WARNING -    Первые 20 байт: 445016c4c401020029382c44a2a4abc4010201a2
2025-11-12 22:14:40,118 - WARNING -    Мусор: 445016c4c401020029382c44a2a4abc4010201a20d0144230e4ac40302034d870a44723840c40006ad06443ad83ec40029a90244490f3ec40001ca990c4400a0dfc400004094c49b0100005355
2025-11-12 22:14:40,119 - INFO - Успешный пакет
2025-11-12 22:14:40,165 - INFO - Успешный пакет
2025-11-12 22:14:40,214 - INFO - Успешный пакет
2025-11-12 22:14:40,263 - INFO - Успешный пакет
2025-11-12 22:14:40,312 - INFO - Успешный пакет
2025-11-12 22:14:40,362 - INFO - Успешный пакет
2025-11-12 22:14:40,412 - INFO - Успешный пакет
2025-11-12 22:14:40,446 - INFO - Успешный пакет
2025-11-12 22:14:40,499 - INFO - Успешный пакет
2025-11-12 22:14:40,548 - INFO - Успешный пакет
2025-11-12 22:14:40,596 - INFO - Успешный пакет
2025-11-12 22:14:40,645 - INFO - Успешный пакет
2025-11-12 22:14:40,693 - INFO - Успешный пакет
2025-11-12 22:14:40,742 - ERROR - CRC не совпадает
2025-11-12 22:14:40,742 - ERROR - Ошибочный пакет
2025-11-12 22:14:40,760 - WARNING -    Первые 20 байт: 4434afb8c4010200dbd729448327a0c401020138
2025-11-12 22:14:40,776 - WARNING -    Мусор: 4434afb8c4010200dbd729448327a0c401020138fa00447a5139c4030203cd761644205a25c40062760e44987e22c400971f064441dd20c40001ca990c4400a0dfc4000000a4c4c50100007355
2025-11-12 22:14:40,776 - ERROR - CRC не совпадает
2025-11-12 22:14:40,777 - ERROR - Ошибочный пакет
2025-11-12 22:14:40,793 - WARNING -    Первые 20 байт: 4460e2b7c4010200afac29446b559fc4010201a5
2025-11-12 22:14:40,810 - WARNING -    Первые 20 байт: 4460e2b7c4010200afac29446b559fc4010201a5
2025-11-12 22:14:40,827 - WARNING -    Мусор: 4460e2b7c4010200afac29446b559fc4010201a5cc0044ae2138c40302030d511744d16e23c400c4040f44317820c400e85e064465c71ec40001ca990c4400a0dfc4000020a5c4c80100003355
2025-11-12 22:14:40,827 - ERROR - CRC не совпадает
2025-11-12 22:14:40,827 - ERROR - Ошибочный пакет
2025-11-12 22:14:40,844 - WARNING -    Первые 20 байт: 44eb16b7c40102008781294453839ec40102012e
2025-11-12 22:14:40,860 - WARNING -    Первые 20 байт: 44eb16b7c40102008781294453839ec40102012e
2025-11-12 22:14:40,876 - WARNING -    Мусор: 44eb16b7c40102008781294453839ec40102012e9b00447ef236c40302034d2b1844828321c40026930f44ca711ec400399e064489b11cc40001ca990c4400a0dfc4000040a6c4cb010000f355
2025-11-12 22:14:40,890 - INFO - Успешный пакет
2025-11-12 22:14:40,940 - INFO - Успешный пакет
2025-11-12 22:14:40,973 - INFO - Успешный пакет
2025-11-12 22:14:41,023 - INFO - Успешный пакет
2025-11-12 22:14:41,074 - INFO - Успешный пакет
2025-11-12 22:14:41,124 - INFO - Успешный пакет
2025-11-12 22:14:41,175 - INFO - Успешный пакет
2025-11-12 22:14:41,225 - INFO - Успешный пакет
2025-11-12 22:14:41,276 - INFO - Успешный пакет
2025-11-12 22:14:41,311 - WARNING -    Начало пакета: aa016846374400004dc4000000006400000000000500bb9088435cfb14c5010200635b4944dc6406c501010026764f447559
2025-11-12 22:14:41,326 - INFO - Успешный пакет
2025-11-12 22:14:41,359 - INFO - Успешный пакет
2025-11-12 22:14:41,410 - INFO - Успешный пакет
2025-11-12 22:14:41,458 - INFO - Успешный пакет
2025-11-12 22:14:41,507 - INFO - Успешный пакет
2025-11-12 22:14:41,556 - INFO - Успешный пакет
2025-11-12 22:14:41,606 - INFO - Успешный пакет
2025-11-12 22:14:41,656 - INFO - Успешный пакет
2025-11-12 22:14:41,689 - ERROR - CRC не совпадает
2025-11-12 22:14:41,690 - ERROR - Ошибочный пакет
2025-11-12 22:14:41,707 - WARNING -    Первые 20 байт: 44d1f204c50101007a3d4a44b249a9c40102002a
2025-11-12 22:14:41,723 - WARNING -    Первые 20 байт: 44d1f204c50101007a3d4a44b249a9c40102002a
2025-11-12 22:14:41,738 - WARNING -    Мусор: 44d1f204c50101007a3d4a44b249a9c40102002ac4264457bb8fc40102010b24f743f5f321c4030202cd832744eaeffdc30068662844383d8ec40001ca990c4400a0dfc4000080bac4010200005955
2025-11-12 22:14:41,754 - INFO - Успешный пакет
2025-11-12 22:14:41,787 - ERROR - CRC не совпадает
2025-11-12 22:14:41,788 - ERROR - Ошибочный пакет
2025-11-12 22:14:41,804 - WARNING -    Первые 20 байт: fe10c50102000ae75644ad4604c5010200b5e748
2025-11-12 22:14:41,836 - INFO - Успешный пакет
2025-11-12 22:14:41,885 - INFO - Успешный пакет
2025-11-12 22:14:41,934 - INFO - Успешный пакет
2025-11-12 22:14:41,984 - INFO - Успешный пакет
2025-11-12 22:14:42,034 - INFO - Успешный пакет
2025-11-12 22:14:42,085 - INFO - Успешный пакет
2025-11-12 22:14:42,134 - INFO - Успешный пакет
2025-11-12 22:14:42,183 - INFO - Успешный пакет
2025-11-12 22:14:42,231 - INFO - Успешный пакет
2025-11-12 22:14:42,279 - INFO - Успешный пакет
2025-11-12 22:14:42,328 - INFO - Успешный пакет
2025-11-12 22:14:42,377 - INFO - Успешный пакет
2025-11-12 22:14:42,425 - INFO - Успешный пакет
2025-11-12 22:14:42,458 - INFO - Успешный пакет
2025-11-12 22:14:42,507 - INFO - Успешный пакет
2025-11-12 22:14:42,557 - INFO - Успешный пакет
2025-11-12 22:14:42,606 - INFO - Успешный пакет
2025-11-12 22:14:42,656 - INFO - Успешный пакет
2025-11-12 22:14:42,706 - ERROR - CRC не совпадает
2025-11-12 22:14:42,706 - ERROR - Ошибочный пакет
2025-11-12 22:14:42,723 - WARNING -    Первые 20 байт: cf98c40102015598e8436fd309c4030202eb6434
2025-11-12 22:14:42,740 - WARNING -    Мусор: cf98c40102015598e8436fd309c4030202eb64344492ac66c400f0003f44d98593c40001ca990c4400a0dfc4000020d2c440020000c855
2025-11-12 22:14:42,756 - INFO - Успешный пакет
2025-11-12 22:14:42,805 - INFO - Успешный пакет
2025-11-12 22:14:42,839 - ERROR - CRC не совпадает
2025-11-12 22:14:42,840 - ERROR - Ошибочный пакет
